
ot출력 일시: 8-31-2021, 오후 1:10:18
ot출력 일시: 8-31-2021, 오후 6:39:26
ot출력 일시: 8-31-2021, 오후 6:48:52
ot출력 일시: 8-31-2021, 오후 6:49:28
ot출력 일시: 8-31-2021, 오후 7:06:13
ot출력 일시: 9-1-2021, 오전 11:05:12
ot출력 일시: 9-1-2021, 오전 11:06:26
ot출력 일시: 9-1-2021, 오전 11:08:14
ot출력 일시: 9-1-2021, 오전 11:09:17
ot출력 일시: 9-1-2021, 오전 11:12:28
ot출력 일시: 9-1-2021, 오전 11:36:23
ot출력 일시: 9-1-2021, 오후 3:37:04
ot출력 일시: 9-1-2021, 오후 4:10:04
ot출력 일시: 9-1-2021, 오후 5:43:24
ot출력 일시: 9-1-2021, 오후 5:43:33
ot출력 일시: 9-1-2021, 오후 5:44:06
ot출력 일시: 9-2-2021, 오전 11:10:06
ot출력 일시: 9-2-2021, 오전 11:10:35
ot출력 일시: 9-2-2021, 오후 12:18:53
ot출력 일시: 9-2-2021, 오후 5:14:14
ot출력 일시: 9-2-2021, 오후 5:14:57
ot출력 일시: 9-2-2021, 오후 6:46:23
ot출력 일시: 9-2-2021, 오후 7:06:29
ot출력 일시: 9-2-2021, 오후 7:12:03
ot출력 일시: 9-2-2021, 오후 7:13:53
ot출력 일시: 9-2-2021, 오후 9:30:12
ot출력 일시: 9-2-2021, 오후 11:16:26
ot출력 일시: 9-2-2021, 오후 11:16:44
ot출력 일시: 9-3-2021, 오전 11:49:07
ot출력 일시: 9-3-2021, 오전 11:49:21
ot출력 일시: 9-3-2021, 오후 9:05:40
ot출력 일시: 9-3-2021, 오후 9:06:04
ot출력 일시: 9-3-2021, 오후 10:14:35
ot출력 일시: 9-3-2021, 오후 10:15:08
ot출력 일시: 9-3-2021, 오후 10:16:48
ot출력 일시: 9-3-2021, 오후 10:42:59
ot출력 일시: 9-3-2021, 오후 10:46:26
ot출력 일시: 9-3-2021, 오후 11:20:00
ot출력 일시: 9-3-2021, 오후 11:26:35
ot출력 일시: 9-4-2021, 오전 9:01:53
ot출력 일시: 9-4-2021, 오전 9:02:25
ot출력 일시: 9-4-2021, 오후 5:18:07
ot출력 일시: 9-4-2021, 오후 5:20:08
ot출력 일시: 9-4-2021, 오후 8:00:22
ot출력 일시: 9-4-2021, 오후 8:07:31
ot출력 일시: 9-4-2021, 오후 8:58:25
ot출력 일시: 9-4-2021, 오후 8:58:50
ot출력 일시: 9-4-2021, 오후 8:59:05
ot출력 일시: 9-4-2021, 오후 8:59:32
ot출력 일시: 9-4-2021, 오후 8:59:42
ot출력 일시: 9-4-2021, 오후 9:01:36
ot출력 일시: 9-4-2021, 오후 9:06:53
ot출력 일시: 9-4-2021, 오후 9:23:36
ot출력 일시: 9-4-2021, 오후 10:03:22
ot출력 일시: 9-4-2021, 오후 10:03:40
ot출력 일시: 9-5-2021, 오전 12:01:23
ot출력 일시: 9-5-2021, 오전 12:02:41
ot출력 일시: 9-5-2021, 오전 12:05:29
ot출력 일시: 9-5-2021, 오전 10:05:44
ot출력 일시: 9-5-2021, 오전 11:13:43
ot출력 일시: 9-5-2021, 오전 11:14:14
ot출력 일시: 9-5-2021, 오전 11:44:16
ot출력 일시: 9-5-2021, 오전 11:45:24
ot출력 일시: 9-5-2021, 오후 5:24:15
ot출력 일시: 9-5-2021, 오후 5:24:34
ot출력 일시: 9-5-2021, 오후 5:25:24
ot출력 일시: 9-5-2021, 오후 7:57:57
ot출력 일시: 9-5-2021, 오후 8:12:29
ot출력 일시: 9-5-2021, 오후 8:35:22
ot출력 일시: 9-5-2021, 오후 10:10:14
ot출력 일시: 9-5-2021, 오후 10:10:30
ot출력 일시: 9-6-2021, 오전 12:09:12
ot출력 일시: 9-6-2021, 오후 12:22:13
ot출력 일시: 9-6-2021, 오후 12:22:55
ot출력 일시: 9-6-2021, 오후 2:28:24
ot출력 일시: 9-6-2021, 오후 2:28:58
ot출력 일시: 9-6-2021, 오후 7:29:51
ot출력 일시: 9-6-2021, 오후 7:31:00
ot출력 일시: 9-6-2021, 오후 11:51:36
ot출력 일시: 9-7-2021, 오후 6:57:20
ot출력 일시: 9-7-2021, 오후 7:13:56
ot출력 일시: 9-7-2021, 오후 8:08:19
ot출력 일시: 9-7-2021, 오후 8:55:24
ot출력 일시: 9-7-2021, 오후 8:59:00
ot출력 일시: 9-7-2021, 오후 10:19:06
ot출력 일시: 9-7-2021, 오후 10:56:10
ot출력 일시: 9-7-2021, 오후 10:59:02
ot출력 일시: 9-7-2021, 오후 10:59:19
ot출력 일시: 9-7-2021, 오후 11:47:54
동네북님의 답장: 흠
ot출력 일시: 9-7-2021, 오후 11:54:19
동네북님의 답장: 흠
ot출력 일시: 9-7-2021, 오후 11:54:39
ot출력 일시: 9-8-2021, 오전 1:50:10
동네북님의 이야기: 에휴 이럴거라는거 좀 미리 알려주시지 그러셨어요 ㅋㅋㅋ
동네북님의 이야기: 뭐 저는 그래도 밸런스가 막장은 아니겠거니 하고 들어왔죠
동네북님의 이야기: 허허
동네북님의 이야기: ㅋㅋㅋ
동네북님의 이야기: 에휴 저는 pgr서버에 사람이 많아지면 거기로 갈 생각입니다 물론 거기 사람이 많아질 가능성은 적지만요
동네북님의 이야기: 그 사람이 왜요?
동네북님의 이야기: 에휴 이제 나도 sr에 대한 밀연을 버려야되나
동네북님의 이야기: 드림랜드는 제 스타일이 아니라서
동네북님의 이야기: 어차피 pgr서버는 12월이면 닫힐거고 결국 개인서버로 갈 수밖에 없는데 개인 서버에서는 또 이런 일이 생기겠지요
동네북님의 이야기: 그러게 말입니다
동네북님의 이야기: 확 그냥 소스 다루는 법을 안알려주셨어야됬는데 가 아니고
동네북님의 이야기: 아니 그거 말고
동네북님의 이야기: 사람들한테 소스 다루는 법을 안알려주셨으면 오리지널 sr 그대로 유지되지 않았을까 해서 말이죠
동네북님의 이야기: 아이린님이 젝팟님한테 질문해서 젝팟님이 다 답해주셔서 아이린님이 바꾸신줄 알았는데
동네북님의 이야기: 아
동네북님의 이야기: sr이 그래도 좋은 게임이었는데 결국 이렇게 되는군요 참 아쉽네요
동네북님의 이야기: 그게 뭔가요?
동네북님의 이야기: 근데 제가 우려하는건 cp는 소스가 공개되있지 않다보니 카드 성능 등을 조작하고 싶어도 그렇게 할 수 없었지만 이건 원한다면 언제든 아이템 성능을 조작할 수 있으니 자기가 좀 맘에 안든다 싶으면 다른 서버로 가버릴 수 있다는것입니다
동네북님의 이야기: 근데 문제는 서버를 가지고 있는 pgr 회원들이 pgr 외부와도 연관이 되있다는거죠
동네북님의 이야기: 뭐 아이린님만 봐도 머드랑 연관이 되있죠
동네북님의 이야기: 그거야 뭐 아이린님이 사람들 막 들어오는걸 싫어하셔서 일부러 공개를 안하셨겠죠
동네북님의 이야기: 제 생각에 제일 좋은 방법은
동네북님의 이야기: 사람들이 열광할 만한 기능을 하나 만들고 그 기능이 포함된 서버를 공개를 안하는 것입니다
동네북님의 이야기: 제가 아까 말씀드렸던 로봇 경험치 킬수로 바꾸는 시스템만 만들어도 사람들이 꽤 좋아할거라 생각합니다
동네북님의 이야기: pgr서버가 거의 pk 위주로 돌아가는것도 사실이고
동네북님의 이야기: 무엇보다 임무들이 거의 다 pk에 치우쳐져 있잖아요
동네북님의 이야기: 그런데 전체 인원을 따져봤을때 pk 하는 사람보다 pk 안하는 사람이 더 많을거라는게 제 생각이고, 만약 그게 맞다면 pgr 서버의 pk 지향적인 방식은 그들에게 불편하게 작용했을 수 있다고 생각합니다
동네북님의 이야기: 맵으로 도전과제 만드는건 어려워도 맵 내에서 일반 아이템이 스폰되게 하고, 그 아이템은 그 맵 내에서만 쓸 수 있게 한다거나 뭐 이런것만 만들어도 다수의 사용자들이 좋아할거라고 생각합니다
동네북님의 이야기: 그건 맞죠
동네북님의 이야기: 흐음
동네북님의 이야기: 아이템 무한 생성 때문에 문제면 한번에 만들 수 있는 아이템 수를 제한하는 방법이 있긴 할것 같군요
동네북님의 이야기: 왜요?
동네북님의 이야기: 아 그럼 공식 맵에서 그걸 꺼버리기만 하면 되겠네요
동네북님의 이야기: 그런데 한가지 생각해봐야할것은 대부분 스크린 리더의 부호 발음을 꺼놓고 쓴다는 것입니다
동네북님의 이야기: 흠
동네북님의 이야기: 만들수만 있다면야 제일 좋은 방법이 되겠죠
동네북님의 이야기: 거기다 이제 인기도 시스템을 만들어서 일정 기간동안 어떤 맵에 몇명의 플레이어가 총 몇시간이나 있었는지를 따져서 그걸로 보상을 주는 시스템을 만들면 꽤 좋아하겠군요
동네북님의 이야기: 아 그건
동네북님의 이야기: 아무 활동도 안하고 잠수타고 있는 캐릭은 관전모드로 강제로 보내버리고 관전모드에서 플레이 시간 타이머가 정지되게 만들면 해결될것 같습니다
동네북님의 이야기: 그정도로 영악한 사람들이 얼마나 많겠어요
동네북님의 이야기: 매크로로 꼼수를 써봐야 gog님이나 abc 정도 될거 같은데
동네북님의 이야기: 아 매크로 방지하는건 없나
동네북님의 이야기: 클클
동네북님의 이야기: 하지만 탈 bgt를 하면 젝팟님이 한 열배는 힘들어지시겠죠
동네북님의 이야기: 흠 그러면 탈bgt는 무리인것 같군요
동네북님의 이야기: 흠
ot출력 일시: 9-8-2021, 오전 10:48:48
ot출력 일시: 9-8-2021, 오전 11:16:35
ot출력 일시: 9-8-2021, 오전 11:26:27
ot출력 일시: 9-8-2021, 오후 6:30:34
ot출력 일시: 9-8-2021, 오후 6:30:56
ot출력 일시: 9-8-2021, 오후 8:56:20
ot출력 일시: 9-8-2021, 오후 8:58:49
ot출력 일시: 9-8-2021, 오후 10:41:09
ot출력 일시: 9-8-2021, 오후 10:41:27
ot출력 일시: 9-8-2021, 오후 11:31:43
ot출력 일시: 9-8-2021, 오후 11:31:46
ot출력 일시: 9-9-2021, 오후 2:07:22
ot출력 일시: 9-9-2021, 오후 3:17:25
ot출력 일시: 9-9-2021, 오후 3:18:11
ot출력 일시: 9-9-2021, 오후 6:57:33
ot출력 일시: 9-9-2021, 오후 6:57:39
ot출력 일시: 9-9-2021, 오후 7:23:14
ot출력 일시: 9-9-2021, 오후 9:22:29
ot출력 일시: 9-9-2021, 오후 9:22:45
ot출력 일시: 9-9-2021, 오후 9:35:32
ot출력 일시: 9-9-2021, 오후 9:38:38
ot출력 일시: 9-9-2021, 오후 11:21:31
ot출력 일시: 9-9-2021, 오후 11:22:59
ot출력 일시: 9-10-2021, 오후 1:01:29
ot출력 일시: 9-10-2021, 오후 2:16:34
ot출력 일시: 9-10-2021, 오후 2:17:06
ot출력 일시: 9-10-2021, 오후 10:07:16
ot출력 일시: 9-11-2021, 오전 11:23:50
ot출력 일시: 9-11-2021, 오후 12:49:10
ot출력 일시: 9-11-2021, 오후 2:05:44
ot출력 일시: 9-11-2021, 오후 2:06:16
ot출력 일시: 9-11-2021, 오후 2:09:44
ot출력 일시: 9-11-2021, 오후 3:58:26
ot출력 일시: 9-11-2021, 오후 3:58:29
ot출력 일시: 9-11-2021, 오후 7:46:25
ot출력 일시: 9-11-2021, 오후 7:46:52
ot출력 일시: 9-11-2021, 오후 8:15:55
ot출력 일시: 9-11-2021, 오후 8:16:14
ot출력 일시: 9-11-2021, 오후 8:16:35
ot출력 일시: 9-11-2021, 오후 8:30:41
ot출력 일시: 9-11-2021, 오후 9:47:27
ot출력 일시: 9-12-2021, 오전 12:09:09
ot출력 일시: 9-12-2021, 오전 1:06:36
ot출력 일시: 9-12-2021, 오전 1:06:47
ot출력 일시: 9-13-2021, 오전 11:08:05
ot출력 일시: 9-13-2021, 오전 11:08:19
ot출력 일시: 9-13-2021, 오전 11:08:34
ot출력 일시: 9-13-2021, 오후 1:16:29
ot출력 일시: 9-13-2021, 오후 1:16:40
ot출력 일시: 9-15-2021, 오전 10:36:35
goojoonpyo2382님의 이야기: 어떤 권고인가요?
ot출력 일시: 9-15-2021, 오후 12:26:13
ot출력 일시: 9-16-2021, 오후 10:15:11
ot출력 일시: 9-17-2021, 오전 12:18:42
irene님의 답장: 무슨일이요?
irene님의 답장: 제가 며칠전에 로그를 봤는데요
irene님의 답장: 동네북님이랑 이야기한 내용을 어쩌다 보게됐어요
irene님의 답장: 저는 젝팟님이 소스코드를 저희한테 맞게 고쳐주신다고 하셔서 오라고 했던거였는데 동네북님한테는 신세 유저가 누구누구 있는지 보러 오셨다고 말씀하신것도 황당했었고
irene님의 답장: 동네북님한테는 뭐 pgr서버에 사람들 많아지면 그쪽으로 넘어간다고 하신것도 황당했고, 벨런스 어쩌구 하면서 동네북님 편 드시더니 저희 앞에서는 동네북님이 이상하다는 식으로 말씀하시는것도 좀 이해가 안돼서요
irene님의 답장: 저는 차단하겠다고 한적도 없고그걸 바라는것도 아니에요
irene님의 답장: 어쩻든 잘못한걸 인정하셨으면 사과를 하시는게 맞는거 아닌가요? 제가 바라는건 그거밖에 없어요. 어쩻든 소스를 저희에 맞게 바꿔주시는것도 맞으니까 거짓말하신것도 아닌거 알게됬구요
ot출력 일시: 9-17-2021, 오전 12:19:00
irene님의 답장: 무슨일이요?
irene님의 답장: 제가 며칠전에 로그를 봤는데요
irene님의 답장: 동네북님이랑 이야기한 내용을 어쩌다 보게됐어요
irene님의 답장: 저는 젝팟님이 소스코드를 저희한테 맞게 고쳐주신다고 하셔서 오라고 했던거였는데 동네북님한테는 신세 유저가 누구누구 있는지 보러 오셨다고 말씀하신것도 황당했었고
irene님의 답장: 동네북님한테는 뭐 pgr서버에 사람들 많아지면 그쪽으로 넘어간다고 하신것도 황당했고, 벨런스 어쩌구 하면서 동네북님 편 드시더니 저희 앞에서는 동네북님이 이상하다는 식으로 말씀하시는것도 좀 이해가 안돼서요
irene님의 답장: 저는 차단하겠다고 한적도 없고그걸 바라는것도 아니에요
irene님의 답장: 어쩻든 잘못한걸 인정하셨으면 사과를 하시는게 맞는거 아닌가요? 제가 바라는건 그거밖에 없어요. 어쩻든 소스를 저희에 맞게 바꿔주시는것도 맞으니까 거짓말하신것도 아닌거 알게됬구요
ot출력 일시: 9-17-2021, 오전 12:21:29
irene님의 답장: 무슨일이요?
irene님의 답장: 제가 며칠전에 로그를 봤는데요
irene님의 답장: 동네북님이랑 이야기한 내용을 어쩌다 보게됐어요
irene님의 답장: 저는 젝팟님이 소스코드를 저희한테 맞게 고쳐주신다고 하셔서 오라고 했던거였는데 동네북님한테는 신세 유저가 누구누구 있는지 보러 오셨다고 말씀하신것도 황당했었고
irene님의 답장: 동네북님한테는 뭐 pgr서버에 사람들 많아지면 그쪽으로 넘어간다고 하신것도 황당했고, 벨런스 어쩌구 하면서 동네북님 편 드시더니 저희 앞에서는 동네북님이 이상하다는 식으로 말씀하시는것도 좀 이해가 안돼서요
irene님의 답장: 저는 차단하겠다고 한적도 없고그걸 바라는것도 아니에요
irene님의 답장: 어쩻든 잘못한걸 인정하셨으면 사과를 하시는게 맞는거 아닌가요? 제가 바라는건 그거밖에 없어요. 어쩻든 소스를 저희에 맞게 바꿔주시는것도 맞으니까 거짓말하신것도 아닌거 알게됬구요
ot출력 일시: 9-17-2021, 오후 8:00:27
ot출력 일시: 9-17-2021, 오후 8:48:35
ot출력 일시: 9-17-2021, 오후 8:53:23
ot출력 일시: 9-18-2021, 오전 12:51:35
ot출력 일시: 9-18-2021, 오전 12:51:44
ot출력 일시: 9-18-2021, 오전 10:11:55
ot출력 일시: 9-18-2021, 오전 10:12:23
ot출력 일시: 9-18-2021, 오전 10:13:02
ot출력 일시: 9-18-2021, 오전 10:15:48
ot출력 일시: 9-18-2021, 오전 10:32:38
ot출력 일시: 9-18-2021, 오전 10:40:45
ot출력 일시: 9-18-2021, 오전 10:41:09
ot출력 일시: 9-18-2021, 오후 12:18:29
ot출력 일시: 9-18-2021, 오후 12:36:26
ot출력 일시: 9-18-2021, 오후 12:37:13
ot출력 일시: 9-18-2021, 오후 1:15:44
ot출력 일시: 9-18-2021, 오후 1:49:09
ot출력 일시: 9-18-2021, 오후 4:58:43
ot출력 일시: 9-18-2021, 오후 5:12:12
ot출력 일시: 9-18-2021, 오후 5:48:40
ot출력 일시: 9-18-2021, 오후 10:40:20
ot출력 일시: 9-18-2021, 오후 10:40:36
ot출력 일시: 9-19-2021, 오전 11:10:45
ot출력 일시: 9-19-2021, 오전 11:11:31
ot출력 일시: 9-19-2021, 오후 1:01:32
ot출력 일시: 9-19-2021, 오후 1:01:42
ot출력 일시: 9-19-2021, 오후 3:25:18
ot출력 일시: 9-19-2021, 오후 4:17:32
ot출력 일시: 9-19-2021, 오후 7:40:57
ot출력 일시: 9-19-2021, 오후 7:42:04
ot출력 일시: 9-19-2021, 오후 9:43:28
ot출력 일시: 9-19-2021, 오후 9:45:47
ot출력 일시: 9-20-2021, 오후 12:58:41
ot출력 일시: 9-20-2021, 오후 2:01:31
goojoonpyo2382님의 이야기: 잭팟님 
goojoonpyo2382님의 이야기: pgr게시판에서 봤는데 맵 에디터나 임무 중에 있다고 써져 있던데 정확히 어떤 건가요? ㅋㅋㅋㅋ
goojoonpyo2382님의 이야기: 아 네
ot출력 일시: 9-20-2021, 오후 4:40:54
ot출력 일시: 9-20-2021, 오후 4:41:18
ot출력 일시: 9-21-2021, 오전 9:31:58
ot출력 일시: 9-21-2021, 오전 9:32:16
ot출력 일시: 9-21-2021, 오후 3:11:14
ot출력 일시: 9-21-2021, 오후 3:11:32
ot출력 일시: 9-21-2021, 오후 10:40:01
ot출력 일시: 9-21-2021, 오후 10:40:21
ot출력 일시: 9-22-2021, 오후 5:44:18
ot출력 일시: 9-22-2021, 오후 5:44:52
ot출력 일시: 9-22-2021, 오후 9:20:14
ot출력 일시: 9-22-2021, 오후 9:20:33
ot출력 일시: 9-22-2021, 오후 9:40:35
ot출력 일시: 9-23-2021, 오후 5:19:13
ot출력 일시: 9-23-2021, 오후 5:20:29
ot출력 일시: 9-25-2021, 오전 11:39:24
ot출력 일시: 9-25-2021, 오전 11:39:43
ot출력 일시: 9-25-2021, 오후 2:56:16
ot출력 일시: 9-25-2021, 오후 3:06:35
ot출력 일시: 9-26-2021, 오전 11:53:08
ot출력 일시: 9-26-2021, 오후 5:36:15
ot출력 일시: 9-26-2021, 오후 5:36:28
ot출력 일시: 9-28-2021, 오후 1:56:51
ot출력 일시: 9-30-2021, 오후 8:25:18
ot출력 일시: 10-3-2021, 오후 6:23:46
ot출력 일시: 10-3-2021, 오후 6:27:13
ot출력 일시: 10-3-2021, 오후 6:27:26
ot출력 일시: 10-4-2021, 오후 5:21:33
ot출력 일시: 10-7-2021, 오후 8:39:10
ot출력 일시: 10-8-2021, 오후 7:25:12
ot출력 일시: 10-8-2021, 오후 7:38:30
ot출력 일시: 10-9-2021, 오전 10:38:46
ot출력 일시: 10-9-2021, 오전 10:39:53
ot출력 일시: 10-9-2021, 오전 10:51:12
ot출력 일시: 10-9-2021, 오전 11:20:44
ot출력 일시: 10-9-2021, 오전 11:21:06
ot출력 일시: 10-9-2021, 오전 11:21:46
ot출력 일시: 10-9-2021, 오후 12:38:14
ot출력 일시: 10-9-2021, 오후 4:45:31
ot출력 일시: 10-9-2021, 오후 4:45:54
ot출력 일시: 10-9-2021, 오후 11:41:43
ot출력 일시: 10-9-2021, 오후 11:41:57
ot출력 일시: 10-14-2021, 오후 1:59:43
ot출력 일시: 10-14-2021, 오후 2:00:03
ot출력 일시: 10-21-2021, 오후 8:53:45
ot출력 일시: 10-29-2021, 오후 11:13:01
ot출력 일시: 10-29-2021, 오후 11:27:41
ot출력 일시: 10-29-2021, 오후 11:28:42
ot출력 일시: 10-30-2021, 오전 12:59:18
ot출력 일시: 11-1-2021, 오후 6:16:16
ot출력 일시: 11-1-2021, 오후 6:16:36
ot출력 일시: 11-1-2021, 오후 9:36:14
ot출력 일시: 11-1-2021, 오후 10:06:27
ot출력 일시: 11-2-2021, 오후 1:09:59
ot출력 일시: 11-4-2021, 오후 5:38:10
ot출력 일시: 11-4-2021, 오후 5:40:59
ot출력 일시: 11-4-2021, 오후 6:25:53
ot출력 일시: 11-10-2021, 오후 7:40:49
ot출력 일시: 11-10-2021, 오후 8:02:10
ot출력 일시: 11-10-2021, 오후 8:06:49
ot출력 일시: 11-10-2021, 오후 8:09:09
ot출력 일시: 11-10-2021, 오후 8:11:21
ot출력 일시: 11-10-2021, 오후 8:17:57
ot출력 일시: 11-11-2021, 오후 10:00:29
ot출력 일시: 11-11-2021, 오후 10:07:41
ot출력 일시: 11-11-2021, 오후 11:05:27
ot출력 일시: 11-11-2021, 오후 11:31:04
ot출력 일시: 11-11-2021, 오후 11:38:50
ot출력 일시: 11-12-2021, 오후 12:38:55
ot출력 일시: 11-12-2021, 오후 12:39:09
ot출력 일시: 11-13-2021, 오후 2:21:27
ot출력 일시: 11-13-2021, 오후 2:26:33
ot출력 일시: 11-13-2021, 오후 3:07:11
ot출력 일시: 11-13-2021, 오후 3:49:24
ot출력 일시: 11-13-2021, 오후 4:36:53
ot출력 일시: 11-13-2021, 오후 5:45:54
ot출력 일시: 11-13-2021, 오후 6:51:51
ot출력 일시: 11-13-2021, 오후 7:30:43
ot출력 일시: 11-13-2021, 오후 7:31:41
ot출력 일시: 11-14-2021, 오전 12:11:17
ot출력 일시: 11-14-2021, 오전 12:11:50
ot출력 일시: 11-14-2021, 오후 12:29:50
ot출력 일시: 11-14-2021, 오후 12:37:48
ot출력 일시: 11-14-2021, 오후 12:54:17
ot출력 일시: 11-14-2021, 오후 5:46:27
ot출력 일시: 11-14-2021, 오후 5:47:01
ot출력 일시: 11-14-2021, 오후 6:21:11
ot출력 일시: 11-14-2021, 오후 6:21:29
ot출력 일시: 11-14-2021, 오후 7:08:19
ot출력 일시: 11-14-2021, 오후 7:31:48
ot출력 일시: 11-14-2021, 오후 7:32:52
ot출력 일시: 11-14-2021, 오후 11:14:01
gog님의 답장: 있다.
gog님의 답장: ok.
ot출력 일시: 11-14-2021, 오후 11:32:58
ot출력 일시: 11-14-2021, 오후 11:33:10
ot출력 일시: 11-15-2021, 오전 12:27:44
ot출력 일시: 11-15-2021, 오후 5:01:44
ot출력 일시: 11-15-2021, 오후 5:01:48
ot출력 일시: 11-15-2021, 오후 5:05:16
ot출력 일시: 11-15-2021, 오후 6:46:16
ot출력 일시: 11-15-2021, 오후 6:46:31
ot출력 일시: 11-15-2021, 오후 7:53:25
ot출력 일시: 11-15-2021, 오후 7:55:55
ot출력 일시: 11-15-2021, 오후 8:17:01
ot출력 일시: 11-15-2021, 오후 8:17:14
ot출력 일시: 11-15-2021, 오후 8:17:21
ot출력 일시: 11-15-2021, 오후 8:26:01
ot출력 일시: 11-15-2021, 오후 8:28:01
ot출력 일시: 11-15-2021, 오후 8:29:50
ot출력 일시: 11-15-2021, 오후 8:39:24
ot출력 일시: 11-15-2021, 오후 8:43:29
ot출력 일시: 11-15-2021, 오후 8:43:59
ot출력 일시: 11-15-2021, 오후 8:45:44
ot출력 일시: 11-15-2021, 오후 8:57:29
ot출력 일시: 11-15-2021, 오후 8:57:34
ot출력 일시: 11-15-2021, 오후 11:30:34
ot출력 일시: 11-16-2021, 오전 11:08:41
ot출력 일시: 11-16-2021, 오전 11:10:22
ot출력 일시: 11-16-2021, 오후 1:57:24
ot출력 일시: 11-16-2021, 오후 1:57:39
ot출력 일시: 11-16-2021, 오후 2:04:37
ot출력 일시: 11-16-2021, 오후 8:59:10
ot출력 일시: 11-16-2021, 오후 9:02:35
ot출력 일시: 11-16-2021, 오후 9:15:59
ot출력 일시: 11-16-2021, 오후 9:16:55
ot출력 일시: 11-16-2021, 오후 9:19:16
ot출력 일시: 11-16-2021, 오후 10:41:52
ot출력 일시: 11-16-2021, 오후 10:42:08
ot출력 일시: 11-16-2021, 오후 10:44:09
ot출력 일시: 11-16-2021, 오후 11:19:55
ot출력 일시: 11-16-2021, 오후 11:49:07
ot출력 일시: 11-16-2021, 오후 11:49:15
ot출력 일시: 11-17-2021, 오후 1:39:15
ot출력 일시: 11-17-2021, 오후 1:40:53
ot출력 일시: 11-17-2021, 오후 2:07:17
ot출력 일시: 11-17-2021, 오후 6:27:44
ot출력 일시: 11-17-2021, 오후 6:43:41
ot출력 일시: 11-17-2021, 오후 10:08:08
ot출력 일시: 11-17-2021, 오후 10:10:52
ot출력 일시: 11-18-2021, 오후 1:11:17
ot출력 일시: 11-18-2021, 오후 1:23:58
ot출력 일시: 11-18-2021, 오후 1:24:23
ot출력 일시: 11-18-2021, 오후 2:17:36
ot출력 일시: 11-18-2021, 오후 2:18:01
ot출력 일시: 11-18-2021, 오후 8:02:52
ot출력 일시: 11-18-2021, 오후 8:45:19
dream님의 이야기: 미완성처럼 보이게 해서 상대를 방심시키는게 목적입니다.
dream님의 이야기: 그래서 일부러 1칸의 오차를 둔 거죠
dream님의 이야기: 그래서 이쪽은 펜스도 새우지 않았구요
dream님의 이야기: 그럼 다 된건가요?
ot출력 일시: 11-18-2021, 오후 8:46:20
dream님의 이야기: 미완성처럼 보이게 해서 상대를 방심시키는게 목적입니다.
dream님의 이야기: 그래서 일부러 1칸의 오차를 둔 거죠
dream님의 이야기: 그래서 이쪽은 펜스도 새우지 않았구요
dream님의 이야기: 그럼 다 된건가요?
ot출력 일시: 11-18-2021, 오후 8:48:37
dream님의 이야기: 미완성처럼 보이게 해서 상대를 방심시키는게 목적입니다.
dream님의 이야기: 그래서 일부러 1칸의 오차를 둔 거죠
dream님의 이야기: 그래서 이쪽은 펜스도 새우지 않았구요
dream님의 이야기: 그럼 다 된건가요?
ot출력 일시: 11-18-2021, 오후 8:51:50
ot출력 일시: 11-18-2021, 오후 8:55:02
ot출력 일시: 11-18-2021, 오후 9:42:32
ot출력 일시: 11-18-2021, 오후 10:56:26
ot출력 일시: 11-19-2021, 오후 7:14:26
ot출력 일시: 11-19-2021, 오후 10:25:39
yamamoto님의 답장: dd
yamamoto님의 답장: 근데 난 아직도 마스터로봇이 뭐가 다른지를 모르겠
yamamoto님의 답장: 그렇구운
yamamoto님의 답장: 아나 그러고보니
yamamoto님의 답장: 상점에서 물건 살 때 현재 가지고 있는 개수도 알려주면 좋으련만
yamamoto님의 답장: 슬롯 등록이 된다는거지
yamamoto님의 답장: 아아
yamamoto님의 답장: 오키오키
yamamoto님의 답장: 이거 무기상점에서 살 수 있는 무기는 전부 사놓은건가?
yamamoto님의 답장: 그렇군
yamamoto님의 답장: ㅇㅇ
yamamoto님의 답장: 뭐야 수류탄팩이 안까진다
yamamoto님의 답장: ㅇㅇ
yamamoto님의 답장: 아싸 오타났다
yamamoto님의 답장: 아이고 이거 석궁 버그다
yamamoto님의 답장: 재장전할 필요 없다면서 장전도 안되는데 정작 발사되지가 않네
yamamoto님의 답장: ㅇㅇ
yamamoto님의 답장: 오오 그렇군 오케이
yamamoto님의 답장: ㅇㅇ
yamamoto님의 답장: 아이고 이렇게 탄환을 만개씩 샀는데도 7억코인밖에 안써졌다니 ㄷㄷㄷ
yamamoto님의 답장: 어 잠만 이게 항생재 팩 한번에 안까지나?
yamamoto님의 답장: 님 이거 차고있는 장비 어떻게 보던가?
yamamoto님의 답장: 아아 오케이
yamamoto님의 답장: 익스탠디드 메거진은 어떻게 쓰는건가?
yamamoto님의 답장: 님 이거 총에다가 다는 부가 장비 사용법좀 알려줘봐
yamamoto님의 답장: 그렇군
yamamoto님의 답장: 특정 무기에다가 확장 탄창을 달면 인벤에서 사라져서 다른 무기에 달지 못하는 그런 특징이 있는가?
yamamoto님의 답장: 내 말은 여러개 사야하냐고
yamamoto님의 답장: ㅋㅋ
yamamoto님의 답장: 오오 그점에 감사한다 ㅋ
yamamoto님의 답장: 근데 마스터쉴드 끼면 어떻게 되나?
yamamoto님의 답장: ㄷㄷㄷ
yamamoto님의 답장: ㅇㅇ 그럼
yamamoto님의 답장: 가장 체력을 많이 채워주는 회복템은 뭐가 있나? 순서대로 좀 알려줘봐
yamamoto님의 답장: 아이템 슬롯좀 짜게
yamamoto님의 답장: 이거란말인가?
yamamoto님의 답장: ㅇㅇ
yamamoto님의 답장: 어?
yamamoto님의 답장: 미트가 아ㅣㄴ고 푸드 대신 헬스드링크로 하는게 나으려나?
yamamoto님의 답장: 오케이
yamamoto님의 답장: 흐음 여기 등록된 로봇 뭐 있는지 보는 기능 없나? 이래갖곤 마스터 로봇 있어도 쓸데가 없잖나
yamamoto님의 답장: 아익 ㅗ많이도 있군
yamamoto님의 답장: 한글화 이후에 새로 추가된 로봇은 없는건가 그럼
yamamoto님의 답장: 하아
yamamoto님의 답장: 흠 그럼 나도 이제 sr 캐릭터를 완전채로 만들었으니 pk대회 신청이나 넣어야겠군 뭐 그래봐짜 대회는 서바이벌존에서 하겠지만
yamamoto님의 답장: 꼬실 닝갠이 없어
yamamoto님의 답장: 음 근데 이거 파밍 중에 상대를 맞추지 않더라도 무기 발사만 하면 실격인가?
yamamoto님의 답장: 벽에다 대고 쐈더라도?
yamamoto님의 답장: ㅇㅇ
yamamoto님의 답장: 아이고 404 not found 뭐냐 ㅋ
yamamoto님의 답장: 아싸 링크 잘못 걸었다
yamamoto님의 답장: 오케이 단독으로 신청했다
yamamoto님의 답장: 근데 이거 무기별로 확장 장비 단거 재접하면 초기화되나?
yamamoto님의 답장: 그렇군
yamamoto님의 답장: 뭔가 그건
yamamoto님의 답장: 그렇구운
yamamoto님의 답장: 저 쇼핑 드론은 어떻게 쓰는건가?
yamamoto님의 답장: 그럼 쇼핑 드론도 1개만 사면 되는건가?
yamamoto님의 답장: 그렇군
ot출력 일시: 11-19-2021, 오후 10:27:07
yamamoto님의 답장: dd
yamamoto님의 답장: 근데 난 아직도 마스터로봇이 뭐가 다른지를 모르겠
yamamoto님의 답장: 그렇구운
yamamoto님의 답장: 아나 그러고보니
yamamoto님의 답장: 상점에서 물건 살 때 현재 가지고 있는 개수도 알려주면 좋으련만
yamamoto님의 답장: 슬롯 등록이 된다는거지
yamamoto님의 답장: 아아
yamamoto님의 답장: 오키오키
yamamoto님의 답장: 이거 무기상점에서 살 수 있는 무기는 전부 사놓은건가?
yamamoto님의 답장: 그렇군
yamamoto님의 답장: ㅇㅇ
yamamoto님의 답장: 뭐야 수류탄팩이 안까진다
yamamoto님의 답장: ㅇㅇ
yamamoto님의 답장: 아싸 오타났다
yamamoto님의 답장: 아이고 이거 석궁 버그다
yamamoto님의 답장: 재장전할 필요 없다면서 장전도 안되는데 정작 발사되지가 않네
yamamoto님의 답장: ㅇㅇ
yamamoto님의 답장: 오오 그렇군 오케이
yamamoto님의 답장: ㅇㅇ
yamamoto님의 답장: 아이고 이렇게 탄환을 만개씩 샀는데도 7억코인밖에 안써졌다니 ㄷㄷㄷ
yamamoto님의 답장: 어 잠만 이게 항생재 팩 한번에 안까지나?
yamamoto님의 답장: 님 이거 차고있는 장비 어떻게 보던가?
yamamoto님의 답장: 아아 오케이
yamamoto님의 답장: 익스탠디드 메거진은 어떻게 쓰는건가?
yamamoto님의 답장: 님 이거 총에다가 다는 부가 장비 사용법좀 알려줘봐
yamamoto님의 답장: 그렇군
yamamoto님의 답장: 특정 무기에다가 확장 탄창을 달면 인벤에서 사라져서 다른 무기에 달지 못하는 그런 특징이 있는가?
yamamoto님의 답장: 내 말은 여러개 사야하냐고
yamamoto님의 답장: ㅋㅋ
yamamoto님의 답장: 오오 그점에 감사한다 ㅋ
yamamoto님의 답장: 근데 마스터쉴드 끼면 어떻게 되나?
yamamoto님의 답장: ㄷㄷㄷ
yamamoto님의 답장: ㅇㅇ 그럼
yamamoto님의 답장: 가장 체력을 많이 채워주는 회복템은 뭐가 있나? 순서대로 좀 알려줘봐
yamamoto님의 답장: 아이템 슬롯좀 짜게
yamamoto님의 답장: 이거란말인가?
yamamoto님의 답장: ㅇㅇ
yamamoto님의 답장: 어?
yamamoto님의 답장: 미트가 아ㅣㄴ고 푸드 대신 헬스드링크로 하는게 나으려나?
yamamoto님의 답장: 오케이
yamamoto님의 답장: 흐음 여기 등록된 로봇 뭐 있는지 보는 기능 없나? 이래갖곤 마스터 로봇 있어도 쓸데가 없잖나
yamamoto님의 답장: 아익 ㅗ많이도 있군
yamamoto님의 답장: 한글화 이후에 새로 추가된 로봇은 없는건가 그럼
yamamoto님의 답장: 하아
yamamoto님의 답장: 흠 그럼 나도 이제 sr 캐릭터를 완전채로 만들었으니 pk대회 신청이나 넣어야겠군 뭐 그래봐짜 대회는 서바이벌존에서 하겠지만
yamamoto님의 답장: 꼬실 닝갠이 없어
yamamoto님의 답장: 음 근데 이거 파밍 중에 상대를 맞추지 않더라도 무기 발사만 하면 실격인가?
yamamoto님의 답장: 벽에다 대고 쐈더라도?
yamamoto님의 답장: ㅇㅇ
yamamoto님의 답장: 아이고 404 not found 뭐냐 ㅋ
yamamoto님의 답장: 아싸 링크 잘못 걸었다
yamamoto님의 답장: 오케이 단독으로 신청했다
yamamoto님의 답장: 근데 이거 무기별로 확장 장비 단거 재접하면 초기화되나?
yamamoto님의 답장: 그렇군
yamamoto님의 답장: 뭔가 그건
yamamoto님의 답장: 그렇구운
yamamoto님의 답장: 저 쇼핑 드론은 어떻게 쓰는건가?
yamamoto님의 답장: 그럼 쇼핑 드론도 1개만 사면 되는건가?
yamamoto님의 답장: 그렇군
ot출력 일시: 11-19-2021, 오후 10:38:43
ot출력 일시: 11-19-2021, 오후 10:41:24
ot출력 일시: 11-19-2021, 오후 11:48:02
ot출력 일시: 11-20-2021, 오전 12:42:51
ot출력 일시: 11-20-2021, 오전 1:53:35
ot출력 일시: 11-20-2021, 오전 2:55:00
ot출력 일시: 11-20-2021, 오전 2:56:35
ot출력 일시: 11-20-2021, 오전 3:00:54
ot출력 일시: 11-20-2021, 오전 3:02:39
ot출력 일시: 11-20-2021, 오전 3:03:59
ot출력 일시: 11-20-2021, 오전 10:47:35
ot출력 일시: 11-20-2021, 오전 10:58:11
ot출력 일시: 11-20-2021, 오전 11:26:51
ot출력 일시: 11-20-2021, 오후 1:41:04
yamamoto님의 답장: hvr에 있는거 전부 추가해버려
yamamoto님의 답장: 그리고 그러는김에 님이 없애버린 개과동물도 다시 넣고 ㅋㅋㅋ
h님의 답장: 지금 계속 고민중이긴 한데. .시간이 안될거 같기도 하고...
h님의 답장: 재선님은 신청하셨나요?
h님의 답장: 아 단독으로
h님의 답장: 이상한 사람이랑만 안 하면 되는데 ㅋㅋ
h님의 답장: 일단 오늘이나 내일 신청해야겟네요
yamamoto님의 답장: 강력 추천하는 바이다.
yamamoto님의 답장: 긔고 마치 메이커즈에 있는 사운드도 노가다해서 받으면 더 좋겠지 ㄷㄷㄷ
yamamoto님의 답장: 냔쟁이 게임즈의 거의 대부분이라고 할 수 있는 소리들이 있는 아카이브다.
yamamoto님의 답장: 슬라임에서부터 시작해서 갖가지 BK시리즈 몬스터들 소리가 거기 다 있다 물론 BK2랑 3은 제외해야겠지만
yamamoto님의 답장: 잠만 있어보게
yamamoto님의 답장: 님이 말한건 냔쟁이 게임즈 라이브레리고
yamamoto님의 답장: http://osabisi.sakura.ne.jp/m2/
yamamoto님의 이야기: 아나 고놈의 프로그램이 갑자기 이상한 말을 한다
program님의 이야기: 맵 리스트 확인하는거 아닌가요?
yamamoto님의 이야기: 흠 근데 이거 ak47 보상 임무 깨져있는건가
ot출력 일시: 11-20-2021, 오후 5:51:27
ot출력 일시: 11-20-2021, 오후 10:31:50
ot출력 일시: 11-21-2021, 오전 12:34:45
ot출력 일시: 11-21-2021, 오전 11:21:52
ot출력 일시: 11-21-2021, 오전 11:22:00
ot출력 일시: 11-21-2021, 오후 4:04:43
ot출력 일시: 11-21-2021, 오후 4:04:52
ot출력 일시: 11-21-2021, 오후 6:16:01
ot출력 일시: 11-21-2021, 오후 6:38:45
goojoonpyo2382님의 이야기: jackpot님 근데 이제 가이디드 미사일은 어떤 차량에 서 해야 하나요? 원래 비행기에서 가이디드 미사일을 장착 하고 쏘는게 있었는데 그 미사일만 없어지고 다른 무기가 새로 생겼네요 ㅋㅋㅋ
ot출력 일시: 11-21-2021, 오후 7:04:40
ot출력 일시: 11-21-2021, 오후 9:53:15
goojoonpyo2382님의 이야기: 흐음 근데 대회 하면 전 누구랑 같이 하나요? ㅋㅋ
ot출력 일시: 11-22-2021, 오전 2:13:06
ot출력 일시: 11-22-2021, 오후 1:53:20
ot출력 일시: 11-22-2021, 오후 8:12:08
ot출력 일시: 11-22-2021, 오후 8:53:47
ot출력 일시: 11-22-2021, 오후 9:02:58
ot출력 일시: 11-22-2021, 오후 9:13:45
ot출력 일시: 11-22-2021, 오후 10:20:53
ot출력 일시: 11-22-2021, 오후 10:29:13
ot출력 일시: 11-23-2021, 오전 1:08:04
ot출력 일시: 11-23-2021, 오전 1:13:23
ot출력 일시: 11-23-2021, 오전 1:22:53
ot출력 일시: 11-23-2021, 오전 1:43:46
ot출력 일시: 11-23-2021, 오전 2:06:09
ot출력 일시: 11-23-2021, 오전 2:07:54
ot출력 일시: 11-23-2021, 오전 2:10:58
ot출력 일시: 11-23-2021, 오전 2:16:59
ot출력 일시: 11-23-2021, 오전 2:32:15
ot출력 일시: 11-23-2021, 오전 2:37:11
ot출력 일시: 11-23-2021, 오전 2:42:44
ot출력 일시: 11-23-2021, 오전 2:45:28
ot출력 일시: 11-23-2021, 오전 2:55:53
ot출력 일시: 11-23-2021, 오전 2:56:32
ot출력 일시: 11-23-2021, 오전 3:57:59
ot출력 일시: 11-23-2021, 오후 1:10:30
ot출력 일시: 11-23-2021, 오후 1:29:03
ot출력 일시: 11-23-2021, 오후 1:31:15
ot출력 일시: 11-23-2021, 오후 1:33:54
ot출력 일시: 11-23-2021, 오후 1:38:06
ot출력 일시: 11-23-2021, 오후 1:39:19
ot출력 일시: 11-23-2021, 오후 1:47:05
ot출력 일시: 11-23-2021, 오후 1:53:02
ot출력 일시: 11-23-2021, 오후 2:08:04
ot출력 일시: 11-23-2021, 오후 2:09:06
ot출력 일시: 11-23-2021, 오후 2:09:19
ot출력 일시: 11-23-2021, 오후 6:04:40
ot출력 일시: 11-23-2021, 오후 6:06:07
ot출력 일시: 11-23-2021, 오후 6:08:45
ot출력 일시: 11-23-2021, 오후 6:09:25
ot출력 일시: 11-23-2021, 오후 6:15:45
ot출력 일시: 11-23-2021, 오후 6:16:47
ot출력 일시: 11-23-2021, 오후 6:19:20
ot출력 일시: 11-23-2021, 오후 6:20:51
ot출력 일시: 11-23-2021, 오후 6:32:55
ot출력 일시: 11-23-2021, 오후 6:37:27
ot출력 일시: 11-23-2021, 오후 6:40:32
ot출력 일시: 11-23-2021, 오후 6:41:55
ot출력 일시: 11-23-2021, 오후 6:48:17
ot출력 일시: 11-23-2021, 오후 6:49:48
ot출력 일시: 11-23-2021, 오후 7:08:56
ot출력 일시: 11-23-2021, 오후 7:09:56
ot출력 일시: 11-23-2021, 오후 7:15:52
ot출력 일시: 11-23-2021, 오후 7:15:55
ot출력 일시: 11-23-2021, 오후 7:39:02
ot출력 일시: 11-23-2021, 오후 7:59:01
ot출력 일시: 11-23-2021, 오후 8:32:46
ot출력 일시: 11-23-2021, 오후 9:07:29
ot출력 일시: 11-23-2021, 오후 11:03:56
program님의 답장: 저요?
program님의 답장: 저 이번에 대회 신청 했는데요.
program님의 답장: 그리고 저번에 jackpot님 계실 때 몇번 했어요. ㅋㅋ
program님의 답장: ㅋㅋㅋ 그 분들 실력은 저도 알죠. 아마 못 따라잡을걸요? ㅋ
program님의 답장: gog님께서 신청을, 아니 pk를 하셔야 말이지요.
program님의 답장: 그나저나 어디 계세요?
program님의 이야기: gog님도 단독으로 신청하셨다는데 다른 팀원 아이디도 안 넣으셨다고 하시네요. 어떻게 할까요?
공계채팅으로 답해주세요.
program님의 답장: 다시 신청 못 하지 않나요?
program님의 답장: 근데 gog님은 단독으로 이미 신청을 하셨고, 재가 다시 신청을 할 때 gog님 아이디까지 같이 넣으면 어떻게 되는건가요?
program님의 이야기: 오늘은 나가봐야 해서 이만.
program님의 답장: 네.
ot출력 일시: 11-24-2021, 오후 11:33:50
ot출력 일시: 11-25-2021, 오전 2:35:28
ot출력 일시: 11-25-2021, 오전 11:59:53
ot출력 일시: 11-25-2021, 오후 12:03:41
ot출력 일시: 11-25-2021, 오후 8:06:12
ot출력 일시: 11-25-2021, 오후 8:23:00
ot출력 일시: 11-25-2021, 오후 8:48:52
ot출력 일시: 11-25-2021, 오후 8:51:41
ot출력 일시: 11-25-2021, 오후 8:52:08
ot출력 일시: 11-25-2021, 오후 9:48:37
dream님의 이야기: 그리고 아이템파밍시간이 끝나면 운영자들께서 배틀필드로 사람들을 이동시켜주실 수 있으신가요
dream님의 이야기: 뭐죠?
dream님의 이야기: 죽고나서 다시 파밍을 해도 되나요?
dream님의 이야기: 그럼 운영자님들 께서 죽은 사람이 파밍하는 시간과  진행중인 pk시간을 모두 카운트 하실 수 있으신가요?
dream님의 이야기: 내
dream님의 이야기: 네
dream님의 이야기: 그럼 지금 차량초기화 한번 해주세요
ot출력 일시: 11-25-2021, 오후 11:11:26
ot출력 일시: 11-25-2021, 오후 11:11:43
ot출력 일시: 11-26-2021, 오후 7:47:04
ot출력 일시: 11-26-2021, 오후 7:47:23
ot출력 일시: 11-26-2021, 오후 8:17:57
ot출력 일시: 11-26-2021, 오후 8:18:13
ot출력 일시: 11-27-2021, 오전 12:01:22
ot출력 일시: 11-27-2021, 오후 1:54:43
ot출력 일시: 11-27-2021, 오후 6:24:27
ot출력 일시: 11-27-2021, 오후 11:49:30
silver_wolf님의 이야기: 아니요 모든 일정 취소 되서 한가해요 ㅎㅎㅎㅎ
silver_wolf님의 이야기: 뭐 못해도 상관 없다면 저는 좋습니다 ㅎㅎㅎ
silver_wolf님의 이야기: 고맙긴요 저도 운영진이니 채김을 다해야지요 ㅎㅎㅎ
program님의 이야기: 혹시 이따가 대회 중간에 개인 사정으로 나가봐야 하면 어떻게 되는건가요?
dream님의 이야기: 갑자기 무슨 말씀이시죠ㅛ?
h님의 답장: 안녕하세요
h님의 답장: 어라?
h님의 답장: 아 ㅋㅋ 프로그램님이 안녕하세요 라고 보낸걸 pm으로 착각해서 ㄷㄷㄷ
program님의 이야기: 근데 혹시 이따가 대회 중간에 개인 사정으로 나가봐야 하는 상황이면 자동으로 탈락인가요?
program님의 이야기: 아, 그리고 경기는 몇 판 몇 승 이런거 있나요?
dream님의 이야기: 아!! 아직 못ㅅ 만들었ㅅ군요
dream님의 이야기: 네 감사합니다
program님의 이야기: jackpot님, 서바이벌에 저희 팀 두 명밖에 없는데요?
yamamoto님의 이야기: 그냥 차라리 모든 경기를 서바이벌맵에서 하기로 한게 더 나았을지도 상황이 이정도로까지 심각한걸 보면
gamehan님의 이야기: 혹시 아이디 좀 팔 수 있는 사람 없을까? 활동 별로 안 하는 사람 중에.
program님의 이야기: 이제 팀 해산해도 되는건가요?
h님의 이야기: 젝팟님 드텡서버 닫혔나요?
ot출력 일시: 11-28-2021, 오전 12:25:27
ot출력 일시: 11-28-2021, 오전 2:46:39
ot출력 일시: 11-28-2021, 오후 4:18:11
ot출력 일시: 11-29-2021, 오후 9:54:12
ot출력 일시: 11-30-2021, 오전 11:14:29
ot출력 일시: 11-30-2021, 오후 5:16:58
ot출력 일시: 11-30-2021, 오후 5:19:16
ot출력 일시: 11-30-2021, 오후 5:19:32
ot출력 일시: 11-30-2021, 오후 6:40:17
ot출력 일시: 11-30-2021, 오후 6:41:23
ot출력 일시: 11-30-2021, 오후 6:43:55
ot출력 일시: 11-30-2021, 오후 6:59:28
ot출력 일시: 11-30-2021, 오후 7:40:32
ot출력 일시: 11-30-2021, 오후 7:41:03
ot출력 일시: 11-30-2021, 오후 9:33:49
ot출력 일시: 11-30-2021, 오후 9:33:58
ot출력 일시: 11-30-2021, 오후 10:20:13
ot출력 일시: 11-30-2021, 오후 10:20:28
ot출력 일시: 12-1-2021, 오전 1:29:33
ot출력 일시: 12-1-2021, 오전 1:29:43
ot출력 일시: 12-1-2021, 오후 2:45:15
ot출력 일시: 12-1-2021, 오후 2:45:20
ot출력 일시: 12-1-2021, 오후 10:59:07
libera님의 이야기: 잭팟님 잭팟님이 개발자 내리신건가요?
libera님의 이야기: 개발자 하실거죠?
program님의 이야기: jackpot님
program님의 답장: 새소식을 다시 보시는게 어떨까요?
지금 뭔가 좀 이상한것 같아서요.
libera님의 이야기: 저것좀 만들어주세요 ㅎㅎㅎ
libera님의 이야기: 그냥 이대로 가는게 좋은지 아니면 pgr.kr이 좋은지요 ㅠㅠㅠ
libera님의 이야기: 네네
ot출력 일시: 12-1-2021, 오후 10:59:26
libera님의 이야기: 잭팟님 잭팟님이 개발자 내리신건가요?
libera님의 이야기: 개발자 하실거죠?
program님의 이야기: jackpot님
program님의 답장: 새소식을 다시 보시는게 어떨까요?
지금 뭔가 좀 이상한것 같아서요.
libera님의 이야기: 저것좀 만들어주세요 ㅎㅎㅎ
libera님의 이야기: 그냥 이대로 가는게 좋은지 아니면 pgr.kr이 좋은지요 ㅠㅠㅠ
libera님의 이야기: 네네
ot출력 일시: 12-2-2021, 오전 12:25:06
ot출력 일시: 12-2-2021, 오전 12:31:24
ot출력 일시: 12-2-2021, 오전 12:39:41
ot출력 일시: 12-2-2021, 오전 12:56:00
ot출력 일시: 12-2-2021, 오전 1:35:51
ot출력 일시: 12-2-2021, 오후 3:15:59
ot출력 일시: 12-2-2021, 오후 6:16:06
ot출력 일시: 12-2-2021, 오후 7:35:55
ot출력 일시: 12-2-2021, 오후 9:30:11
ot출력 일시: 12-2-2021, 오후 9:30:24
ot출력 일시: 12-2-2021, 오후 10:25:52
ot출력 일시: 12-2-2021, 오후 10:40:39
ot출력 일시: 12-3-2021, 오후 1:55:13
ot출력 일시: 12-3-2021, 오후 5:06:53
ot출력 일시: 12-3-2021, 오후 5:14:37
ot출력 일시: 12-3-2021, 오후 5:57:41
ot출력 일시: 12-3-2021, 오후 6:00:37
ot출력 일시: 12-3-2021, 오후 8:03:23
libera님의 이야기: 잭팟님 이거 은둔 상태에서 채팅 안 쳐도 채팅 되게 해주시면 안되요 이거 너무 불편한데 ㅎㅎㅎ
ot출력 일시: 12-3-2021, 오후 8:15:32
ot출력 일시: 12-3-2021, 오후 9:07:51
ot출력 일시: 12-3-2021, 오후 9:13:30
ot출력 일시: 12-3-2021, 오후 9:15:53
ot출력 일시: 12-3-2021, 오후 10:08:29
ot출력 일시: 12-3-2021, 오후 10:10:01
ot출력 일시: 12-3-2021, 오후 10:23:21
ot출력 일시: 12-3-2021, 오후 10:32:21
ot출력 일시: 12-3-2021, 오후 11:30:35
ot출력 일시: 12-3-2021, 오후 11:47:47
ot출력 일시: 12-4-2021, 오전 12:09:34
ot출력 일시: 12-4-2021, 오후 10:04:16
ot출력 일시: 12-4-2021, 오후 10:36:12
libera님의 이야기: 잭팟님 계정설정으로 임무 바꾸는 문법좀 예로 설명해주실 수 있나요?
program님의 이야기: jackpot님, ivan은 z 좌표로도 텔레포트 하나요?
ot출력 일시: 12-5-2021, 오전 1:26:31
ot출력 일시: 12-5-2021, 오전 1:33:56
ot출력 일시: 12-5-2021, 오전 1:34:49
ot출력 일시: 12-5-2021, 오전 1:35:44
ot출력 일시: 12-5-2021, 오전 1:37:42
ot출력 일시: 12-5-2021, 오전 1:38:34
ot출력 일시: 12-5-2021, 오전 2:25:38
ot출력 일시: 12-5-2021, 오후 2:17:34
dream님의 이야기: jackpot님
ot출력 일시: 12-5-2021, 오후 2:23:03
ot출력 일시: 12-5-2021, 오후 2:24:14
ot출력 일시: 12-5-2021, 오후 2:28:15
ot출력 일시: 12-5-2021, 오후 2:30:01
ot출력 일시: 12-5-2021, 오후 8:26:26
ot출력 일시: 12-5-2021, 오후 8:27:49
ot출력 일시: 12-5-2021, 오후 8:29:18
ot출력 일시: 12-5-2021, 오후 8:32:11
ot출력 일시: 12-5-2021, 오후 9:15:33
ot출력 일시: 12-5-2021, 오후 9:18:45
ot출력 일시: 12-5-2021, 오후 10:31:19
ot출력 일시: 12-5-2021, 오후 11:05:18
goojoonpyo2382님의 이야기: jackpot님 칼전맵은 뭔가요 ㅋㅋ
ot출력 일시: 12-5-2021, 오후 11:07:21
goojoonpyo2382님의 이야기: jackpot님 칼전맵은 뭔가요 ㅋㅋ
ot출력 일시: 12-5-2021, 오후 11:08:52
ot출력 일시: 12-5-2021, 오후 11:14:37
ot출력 일시: 12-5-2021, 오후 11:14:42
ot출력 일시: 12-5-2021, 오후 11:48:48
ot출력 일시: 12-6-2021, 오전 12:19:09
ot출력 일시: 12-6-2021, 오전 12:24:28
ot출력 일시: 12-6-2021, 오전 12:53:02
ot출력 일시: 12-6-2021, 오후 6:18:42
ot출력 일시: 12-6-2021, 오후 6:19:12
ot출력 일시: 12-6-2021, 오후 6:19:16
ot출력 일시: 12-6-2021, 오후 6:42:14
ot출력 일시: 12-6-2021, 오후 6:54:20
ot출력 일시: 12-6-2021, 오후 7:15:49
ot출력 일시: 12-6-2021, 오후 7:17:18
ot출력 일시: 12-6-2021, 오후 8:06:53
ot출력 일시: 12-6-2021, 오후 10:50:36
ot출력 일시: 12-6-2021, 오후 10:53:05
ot출력 일시: 12-6-2021, 오후 10:56:07
ot출력 일시: 12-6-2021, 오후 10:58:55
ot출력 일시: 12-6-2021, 오후 11:03:26
ot출력 일시: 12-6-2021, 오후 11:05:38
ot출력 일시: 12-6-2021, 오후 11:11:06
ot출력 일시: 12-6-2021, 오후 11:19:03
ot출력 일시: 12-6-2021, 오후 11:57:46
ot출력 일시: 12-7-2021, 오전 12:46:55
ot출력 일시: 12-7-2021, 오전 1:12:02
ot출력 일시: 12-7-2021, 오전 1:19:15
ot출력 일시: 12-7-2021, 오전 1:20:28
ot출력 일시: 12-7-2021, 오전 1:23:13
ot출력 일시: 12-7-2021, 오전 1:27:50
ot출력 일시: 12-7-2021, 오전 1:35:28
ot출력 일시: 12-7-2021, 오전 1:36:33
ot출력 일시: 12-7-2021, 오전 1:41:54
ot출력 일시: 12-7-2021, 오전 1:46:22
ot출력 일시: 12-7-2021, 오전 10:16:11
ot출력 일시: 12-7-2021, 오전 10:19:12
ot출력 일시: 12-7-2021, 오전 10:21:36
ot출력 일시: 12-7-2021, 오전 10:28:47
ot출력 일시: 12-7-2021, 오전 11:07:37
ot출력 일시: 12-7-2021, 오후 12:02:13
ot출력 일시: 12-7-2021, 오후 12:17:52
ot출력 일시: 12-7-2021, 오후 2:05:28
ot출력 일시: 12-7-2021, 오후 4:58:56
ot출력 일시: 12-7-2021, 오후 5:26:48
ot출력 일시: 12-7-2021, 오후 5:27:04
ot출력 일시: 12-7-2021, 오후 5:43:44
ot출력 일시: 12-7-2021, 오후 6:22:27
dream님의 이야기: jackpot님 dream맵에 aircraft하나만 설치해 주세요
ot출력 일시: 12-7-2021, 오후 6:41:42
dream님의 답장: 네
dream님의 답장: 왔습니다
dream님의 답장: 뭐든지 상관 없나요?
ot출력 일시: 12-7-2021, 오후 7:18:20
ot출력 일시: 12-7-2021, 오후 7:20:39
ot출력 일시: 12-7-2021, 오후 8:01:44
dream님의 이야기: jackpot님 팀에 들어오실레요?
dream님의 답장: gog님과 같은팀 않하시나요?
dream님의 답장: 지금은 gog님 안게신데 좀 들어와 게세요 
dream님의 답장: 저 팀도 운영자가 한명 있는데
dream님의 답장: 2-1로 pk를 하려니 역부족이군요
dream님의 이야기: jackpot님 팀에좀 들어와봐요오
ot출력 일시: 12-7-2021, 오후 8:27:08
ot출력 일시: 12-7-2021, 오후 8:29:52
ot출력 일시: 12-7-2021, 오후 8:33:42
ot출력 일시: 12-7-2021, 오후 8:34:56
ot출력 일시: 12-7-2021, 오후 8:47:04
ot출력 일시: 12-7-2021, 오후 8:47:33
ot출력 일시: 12-7-2021, 오후 8:49:30
ot출력 일시: 12-7-2021, 오후 9:02:04
ot출력 일시: 12-7-2021, 오후 9:18:31
ot출력 일시: 12-7-2021, 오후 9:22:50
ot출력 일시: 12-7-2021, 오후 9:33:51
ot출력 일시: 12-7-2021, 오후 11:03:16
ot출력 일시: 12-7-2021, 오후 11:15:32
ot출력 일시: 12-8-2021, 오전 12:26:33
ot출력 일시: 12-8-2021, 오전 2:08:01
ot출력 일시: 12-8-2021, 오전 2:08:39
ot출력 일시: 12-8-2021, 오전 2:10:29
ot출력 일시: 12-8-2021, 오전 2:17:47
ot출력 일시: 12-8-2021, 오전 2:18:01
ot출력 일시: 12-8-2021, 오전 2:21:34
ot출력 일시: 12-8-2021, 오후 1:59:07
ot출력 일시: 12-8-2021, 오후 2:00:34
ot출력 일시: 12-8-2021, 오후 2:01:04
ot출력 일시: 12-8-2021, 오후 2:12:22
ot출력 일시: 12-8-2021, 오후 3:07:34
ot출력 일시: 12-8-2021, 오후 3:46:12
ot출력 일시: 12-8-2021, 오후 4:06:11
ot출력 일시: 12-8-2021, 오후 4:34:02
ot출력 일시: 12-8-2021, 오후 5:05:33
ot출력 일시: 12-8-2021, 오후 5:20:09
ot출력 일시: 12-8-2021, 오후 5:23:06
ot출력 일시: 12-8-2021, 오후 5:24:46
ot출력 일시: 12-8-2021, 오후 5:26:43
ot출력 일시: 12-8-2021, 오후 5:31:48
ot출력 일시: 12-8-2021, 오후 5:35:45
ot출력 일시: 12-8-2021, 오후 5:36:19
ot출력 일시: 12-8-2021, 오후 5:37:40
ot출력 일시: 12-8-2021, 오후 5:55:29
ot출력 일시: 12-8-2021, 오후 5:55:51
ot출력 일시: 12-8-2021, 오후 6:11:56
ot출력 일시: 12-8-2021, 오후 6:15:21
ot출력 일시: 12-8-2021, 오후 6:27:04
ot출력 일시: 12-8-2021, 오후 6:29:25
ot출력 일시: 12-8-2021, 오후 6:39:44
ot출력 일시: 12-8-2021, 오후 7:27:48
ot출력 일시: 12-8-2021, 오후 7:44:05
ot출력 일시: 12-8-2021, 오후 7:44:27
ot출력 일시: 12-8-2021, 오후 7:44:53
ot출력 일시: 12-8-2021, 오후 7:56:39
ot출력 일시: 12-8-2021, 오후 8:13:51
ot출력 일시: 12-8-2021, 오후 8:16:21
ot출력 일시: 12-8-2021, 오후 8:40:13
ot출력 일시: 12-8-2021, 오후 9:26:31
ot출력 일시: 12-8-2021, 오후 10:12:38
ot출력 일시: 12-8-2021, 오후 10:13:24
ot출력 일시: 12-8-2021, 오후 11:04:05
dream님의 이야기: 아니요
dream님의 이야기: 네 그러지요
dream님의 이야기: 뭘 원하시는지요?
dream님의 이야기: 네 그러지요 dream맵으로 오세요
kid님의 이야기: 램건 갯수 제한 겁시다
ot출력 일시: 12-8-2021, 오후 11:07:07
ot출력 일시: 12-8-2021, 오후 11:19:19
ot출력 일시: 12-8-2021, 오후 11:44:08
ot출력 일시: 12-8-2021, 오후 11:45:30
ot출력 일시: 12-8-2021, 오후 11:47:48
ot출력 일시: 12-8-2021, 오후 11:55:22
ot출력 일시: 12-9-2021, 오전 12:10:11
ot출력 일시: 12-9-2021, 오전 12:16:43
ot출력 일시: 12-9-2021, 오전 12:17:25
ot출력 일시: 12-9-2021, 오전 12:20:47
ot출력 일시: 12-9-2021, 오전 10:15:29
ot출력 일시: 12-9-2021, 오후 1:52:49
ot출력 일시: 12-9-2021, 오후 1:57:48
ot출력 일시: 12-9-2021, 오후 3:33:38
ot출력 일시: 12-9-2021, 오후 5:17:53
ot출력 일시: 12-9-2021, 오후 5:19:31
ot출력 일시: 12-9-2021, 오후 5:19:53
ot출력 일시: 12-9-2021, 오후 5:28:13
ot출력 일시: 12-9-2021, 오후 5:57:24
goojoonpyo2382님의 이야기: 근데 난데스베리어는 뭐할 때 쓰는 건가요
ot출력 일시: 12-9-2021, 오후 5:58:46
ot출력 일시: 12-9-2021, 오후 6:00:02
ot출력 일시: 12-9-2021, 오후 6:09:55
ot출력 일시: 12-9-2021, 오후 6:23:45
ot출력 일시: 12-9-2021, 오후 6:28:16
ot출력 일시: 12-9-2021, 오후 6:37:46
ot출력 일시: 12-9-2021, 오후 7:23:42
gog님의 답장: 아니.
gog님의 답장: 오호
goojoonpyo2382님의 이야기: jackpot님
ot출력 일시: 12-9-2021, 오후 8:01:31
gog님의 답장: 어떤거 말인가?
gog님의 답장: ndb는 구해야 한다.
program님의 이야기: jackpot님?
program님의 답장: 저 그 맵 네에 초기화 명령어 치고 엔터 쳤을 때 사운드 나오게 해도 될까요? ㅋㅋㅋㅋ
program님의 답장: ㅋㅋㅋ 농담이에요. ㅋㅋㅋ
ot출력 일시: 12-9-2021, 오후 8:57:03
program님의 이야기: jackpot님 근데 산에서 수학문제 풀려면 어떻게 가야되나요?
kid님의 이야기: 뭐가 다른지 잘 모르겠던데요 ㅋㅋㅋ
kid님의 이야기: 막 받아치네요 ㅋㅋㅋ
kid님의 이야기: str_32_pump_action_shotgun 개인적으로 제 취향인데 상향 계획 없으신지요 ㅋㅋㅋ
kid님의 이야기: 오호오호
kid님의 이야기: 미니건 맞아주면 돼겠네요 ㅋㅋㅋ
ot출력 일시: 12-9-2021, 오후 9:02:01
ot출력 일시: 12-9-2021, 오후 9:16:18
program님의 이야기: jackpot님
program님의 답장: 지금 sp 개발자님과 통화중인데 개발자님 체널 가입 하시겠다네요.
program님의 답장: 잠시만요.
program님의 답장: 아이디는 ubrsr-29입니다.
program님의 답장: 이 아이디로 검색하셔서 승인 부탁드려요.
ot출력 일시: 12-9-2021, 오후 9:31:40
ot출력 일시: 12-9-2021, 오후 10:11:11
ot출력 일시: 12-9-2021, 오후 10:32:25
kid님의 이야기: 무슨 실험 하시나요? ㅋㅋㅋ
kid님의 이야기: 아아 ㅋㅋㅋㅋ
kid님의 이야기: 여기 방망이도 bk처럼 계속 때리면 데미지 올라가게 만드는건 어떤가요? ㅋㅋㅋ
ot출력 일시: 12-9-2021, 오후 10:32:48
kid님의 이야기: 무슨 실험 하시나요? ㅋㅋㅋ
kid님의 이야기: 아아 ㅋㅋㅋㅋ
kid님의 이야기: 여기 방망이도 bk처럼 계속 때리면 데미지 올라가게 만드는건 어떤가요? ㅋㅋㅋ
ot출력 일시: 12-9-2021, 오후 11:14:59
kid님의 이야기: 무슨 실험 하시나요? ㅋㅋㅋ
kid님의 이야기: 아아 ㅋㅋㅋㅋ
kid님의 이야기: 여기 방망이도 bk처럼 계속 때리면 데미지 올라가게 만드는건 어떤가요? ㅋㅋㅋ
ot출력 일시: 12-10-2021, 오전 12:47:34
ot출력 일시: 12-10-2021, 오전 1:06:48
ot출력 일시: 12-10-2021, 오전 1:07:31
ot출력 일시: 12-10-2021, 오전 1:08:38
ot출력 일시: 12-10-2021, 오전 1:11:52
ot출력 일시: 12-10-2021, 오전 11:46:18
ot출력 일시: 12-10-2021, 오전 11:57:24
ot출력 일시: 12-10-2021, 오전 11:59:39
ot출력 일시: 12-10-2021, 오후 2:02:29
ot출력 일시: 12-10-2021, 오후 2:15:31
ot출력 일시: 12-10-2021, 오후 3:03:16
ot출력 일시: 12-10-2021, 오후 3:06:44
ot출력 일시: 12-10-2021, 오후 3:09:34
ot출력 일시: 12-10-2021, 오후 3:14:46
ot출력 일시: 12-10-2021, 오후 3:17:41
ot출력 일시: 12-10-2021, 오후 3:21:19
ot출력 일시: 12-10-2021, 오후 3:27:59
ot출력 일시: 12-10-2021, 오후 4:01:55
ot출력 일시: 12-10-2021, 오후 5:36:52
ot출력 일시: 12-10-2021, 오후 5:38:13
ot출력 일시: 12-10-2021, 오후 5:44:32
ot출력 일시: 12-10-2021, 오후 5:46:43
ot출력 일시: 12-10-2021, 오후 5:48:41
ot출력 일시: 12-10-2021, 오후 6:19:24
ot출력 일시: 12-10-2021, 오후 7:27:27
ot출력 일시: 12-10-2021, 오후 7:33:01
ot출력 일시: 12-10-2021, 오후 8:26:08
libera님의 이야기: 왼쪽으로는 안 돌아가네요 ㅎㅎ
libera님의 이야기: 이거 개발자에 올라 와 있는걸로 아예 새로 받은건데요 
libera님의 이야기: 됩니다 
libera님의 이야기: 오호호호호
libera님의 이야기: 이거 좋은데요 
libera님의 이야기: 네네
ot출력 일시: 12-11-2021, 오전 12:10:21
libera님의 이야기: 왼쪽으로는 안 돌아가네요 ㅎㅎ
libera님의 이야기: 이거 개발자에 올라 와 있는걸로 아예 새로 받은건데요 
libera님의 이야기: 됩니다 
libera님의 이야기: 오호호호호
libera님의 이야기: 이거 좋은데요 
libera님의 이야기: 네네
goojoonpyo2382님의 이야기: jackpot님 이거 회전 설정은 다 1로 되어 있는데 어떻게 설정하면 되나요?
goojoonpyo2382님의 이야기: 가끔이요
goojoonpyo2382님의 이야기: 감사합니다
ot출력 일시: 12-11-2021, 오전 12:23:11
ot출력 일시: 12-11-2021, 오전 12:46:50
ot출력 일시: 12-11-2021, 오전 12:59:05
ot출력 일시: 12-11-2021, 오전 1:30:07
ot출력 일시: 12-11-2021, 오전 1:38:36
ot출력 일시: 12-11-2021, 오전 1:41:56
ot출력 일시: 12-11-2021, 오전 1:43:41
ot출력 일시: 12-11-2021, 오전 1:45:05
ot출력 일시: 12-11-2021, 오전 1:46:10
ot출력 일시: 12-11-2021, 오전 1:46:35
ot출력 일시: 12-11-2021, 오전 1:52:28
ot출력 일시: 12-11-2021, 오전 1:54:17
ot출력 일시: 12-11-2021, 오전 1:55:52
ot출력 일시: 12-11-2021, 오전 2:01:16
ot출력 일시: 12-11-2021, 오전 2:03:26
ot출력 일시: 12-11-2021, 오전 2:05:30
ot출력 일시: 12-11-2021, 오전 2:10:14
ot출력 일시: 12-11-2021, 오전 2:17:39
ot출력 일시: 12-11-2021, 오전 2:18:29
ot출력 일시: 12-11-2021, 오전 2:38:31
ot출력 일시: 12-11-2021, 오전 9:48:58
ot출력 일시: 12-11-2021, 오전 9:49:35
ot출력 일시: 12-11-2021, 오전 9:57:05
ot출력 일시: 12-11-2021, 오전 10:02:30
ot출력 일시: 12-11-2021, 오전 10:03:35
ot출력 일시: 12-11-2021, 오전 10:11:12
ot출력 일시: 12-11-2021, 오전 10:20:15
ot출력 일시: 12-11-2021, 오전 10:54:41
ot출력 일시: 12-11-2021, 오전 10:55:48
ot출력 일시: 12-11-2021, 오후 7:04:10
ot출력 일시: 12-11-2021, 오후 7:17:05
ot출력 일시: 12-11-2021, 오후 7:22:28
ot출력 일시: 12-11-2021, 오후 7:32:32
ot출력 일시: 12-11-2021, 오후 7:34:24
ot출력 일시: 12-11-2021, 오후 7:36:39
ot출력 일시: 12-11-2021, 오후 8:03:40
ot출력 일시: 12-11-2021, 오후 8:06:16
ot출력 일시: 12-11-2021, 오후 8:06:42
ot출력 일시: 12-11-2021, 오후 8:07:55
ot출력 일시: 12-11-2021, 오후 8:08:07
ot출력 일시: 12-11-2021, 오후 8:10:13
ot출력 일시: 12-11-2021, 오후 8:11:12
ot출력 일시: 12-11-2021, 오후 8:12:45
ot출력 일시: 12-11-2021, 오후 8:17:07
ot출력 일시: 12-11-2021, 오후 8:17:14
ot출력 일시: 12-11-2021, 오후 8:19:23
ot출력 일시: 12-11-2021, 오후 8:19:30
ot출력 일시: 12-11-2021, 오후 8:25:02
ot출력 일시: 12-11-2021, 오후 8:25:58
ot출력 일시: 12-11-2021, 오후 8:55:19
ot출력 일시: 12-11-2021, 오후 8:57:02
ot출력 일시: 12-11-2021, 오후 9:07:52
ot출력 일시: 12-11-2021, 오후 9:08:20
ot출력 일시: 12-11-2021, 오후 9:13:56
ot출력 일시: 12-11-2021, 오후 9:27:09
ot출력 일시: 12-11-2021, 오후 9:28:42
ot출력 일시: 12-11-2021, 오후 9:32:27
ot출력 일시: 12-11-2021, 오후 10:46:19
goojoonpyo2382님의 이야기: jackpot님 
goojoonpyo2382님의 이야기: 세이프존에서 케리어미사일 소리가 나는데 왜 그런건가요 소리가 끊기지도 않는데요 ㅋ
ot출력 일시: 12-11-2021, 오후 10:46:21
goojoonpyo2382님의 이야기: jackpot님 
goojoonpyo2382님의 이야기: 세이프존에서 케리어미사일 소리가 나는데 왜 그런건가요 소리가 끊기지도 않는데요 ㅋ
ot출력 일시: 12-11-2021, 오후 11:32:44
goojoonpyo2382님의 이야기: jackpot님 
goojoonpyo2382님의 이야기: 세이프존에서 케리어미사일 소리가 나는데 왜 그런건가요 소리가 끊기지도 않는데요 ㅋ
ot출력 일시: 12-12-2021, 오후 3:50:25
ot출력 일시: 12-12-2021, 오후 3:57:19
ot출력 일시: 12-12-2021, 오후 4:16:35
ot출력 일시: 12-12-2021, 오후 4:17:58
ot출력 일시: 12-12-2021, 오후 4:28:12
ot출력 일시: 12-12-2021, 오후 4:31:17
ot출력 일시: 12-12-2021, 오후 4:48:20
ot출력 일시: 12-12-2021, 오후 4:50:36
ot출력 일시: 12-12-2021, 오후 4:52:25
ot출력 일시: 12-12-2021, 오후 5:04:07
ot출력 일시: 12-12-2021, 오후 5:06:42
ot출력 일시: 12-12-2021, 오후 5:24:02
ot출력 일시: 12-12-2021, 오후 5:25:10
ot출력 일시: 12-12-2021, 오후 5:26:29
ot출력 일시: 12-12-2021, 오후 6:00:27
goojoonpyo2382님의 이야기: jackpot님 
goojoonpyo2382님의 이야기: 지금 제가 고개를 -90도로 하고 있어서 다시 0으로 올릴려고 하는데 올라가질 않는데 어떻게 하나요? 
ot출력 일시: 12-12-2021, 오후 7:24:29
ot출력 일시: 12-12-2021, 오후 7:42:00
ot출력 일시: 12-12-2021, 오후 7:42:12
ot출력 일시: 12-12-2021, 오후 8:13:45
ot출력 일시: 12-12-2021, 오후 8:41:14
ot출력 일시: 12-12-2021, 오후 9:55:35
gog님의 답장: 잡기 힘들어진것 말고는 없다.
libera님의 이야기: 앵 어떤거요? ㅎㅎ
libera님의 이야기: 아니요 제가 한게 아닌데 ㅎㅎ
libera님의 이야기: 맞아요 gog 관전 ㅋㅋ
ot출력 일시: 12-12-2021, 오후 9:56:03
ot출력 일시: 12-12-2021, 오후 10:33:01
ot출력 일시: 12-12-2021, 오후 10:45:05
ot출력 일시: 12-12-2021, 오후 10:57:28
ot출력 일시: 12-12-2021, 오후 11:00:58
ot출력 일시: 12-12-2021, 오후 11:24:39
ot출력 일시: 12-13-2021, 오전 1:02:34
ot출력 일시: 12-13-2021, 오전 11:08:56
ot출력 일시: 12-13-2021, 오전 11:11:25
ot출력 일시: 12-13-2021, 오전 11:26:35
ot출력 일시: 12-13-2021, 오후 3:56:29
ot출력 일시: 12-13-2021, 오후 3:56:49
ot출력 일시: 12-13-2021, 오후 4:01:24
ot출력 일시: 12-13-2021, 오후 4:44:57
ot출력 일시: 12-13-2021, 오후 4:47:13
ot출력 일시: 12-13-2021, 오후 6:41:40
ot출력 일시: 12-13-2021, 오후 6:58:10
program님의 이야기: jackpot님
program님의 답장: 이거 부활모드를 세이프존으로 해놨는데 체크포인트 깔아두면 세이프존에서 부활 안 되나요?
program님의 답장: 그럼 체크포인트는 무슨 용도로. 흠...
ot출력 일시: 12-13-2021, 오후 7:13:48
ot출력 일시: 12-13-2021, 오후 7:55:36
ot출력 일시: 12-13-2021, 오후 7:58:13
goojoonpyo2382님의 이야기: 수고 하셨어여ㅛ ㅋㅋㅋ
goojoonpyo2382님의 이야기: 네 ㅎㅎ
ot출력 일시: 12-13-2021, 오후 7:58:59
goojoonpyo2382님의 이야기: 수고 하셨어여ㅛ ㅋㅋㅋ
goojoonpyo2382님의 이야기: 네 ㅎㅎ
ot출력 일시: 12-13-2021, 오후 8:19:22
dream님의 이야기: jackpot님
dream님의 이야기: 센스톡 확인 해 주실 수 있나요?
ot출력 일시: 12-13-2021, 오후 8:25:19
dream님의 이야기: jackpot님
dream님의 이야기: 센스톡 확인 해 주실 수 있나요?
ot출력 일시: 12-13-2021, 오후 8:48:25
goojoonpyo2382님의 이야기: jackpot님 혹시 죄송한데 저 필멸의산 498 498 450으로 이동 시켜 주실 수 있나요 탬펄티켓을 살려고 하는데 코인이 너무 부족해서요 ㅋ
ot출력 일시: 12-13-2021, 오후 9:11:30
ot출력 일시: 12-13-2021, 오후 9:23:50
ot출력 일시: 12-13-2021, 오후 9:28:05
ot출력 일시: 12-13-2021, 오후 10:26:28
gog님의 답장: 해보아야 된다.
dream님의 이야기: 아마도요
dream님의 이야기: 전 이만 가보겠습니다 다음에 뵙죠
gog님의 답장: 아아.
ot출력 일시: 12-13-2021, 오후 10:27:15
gog님의 답장: 해보아야 된다.
dream님의 이야기: 아마도요
dream님의 이야기: 전 이만 가보겠습니다 다음에 뵙죠
gog님의 답장: 아아.
ot출력 일시: 12-13-2021, 오후 10:38:19
gog님의 답장: 해보아야 된다.
dream님의 이야기: 아마도요
dream님의 이야기: 전 이만 가보겠습니다 다음에 뵙죠
gog님의 답장: 아아.
ot출력 일시: 12-13-2021, 오후 10:38:30
gog님의 답장: 해보아야 된다.
dream님의 이야기: 아마도요
dream님의 이야기: 전 이만 가보겠습니다 다음에 뵙죠
gog님의 답장: 아아.
ot출력 일시: 12-13-2021, 오후 10:40:01
gog님의 답장: 해보아야 된다.
dream님의 이야기: 아마도요
dream님의 이야기: 전 이만 가보겠습니다 다음에 뵙죠
gog님의 답장: 아아.
ot출력 일시: 12-14-2021, 오전 12:59:24
ot출력 일시: 12-14-2021, 오전 1:09:24
ot출력 일시: 12-14-2021, 오전 1:44:02
ot출력 일시: 12-14-2021, 오전 1:44:17
ot출력 일시: 12-14-2021, 오전 1:53:06
ot출력 일시: 12-14-2021, 오전 3:14:04
ot출력 일시: 12-14-2021, 오전 3:37:55
ot출력 일시: 12-14-2021, 오전 10:28:07
ot출력 일시: 12-14-2021, 오전 11:34:45
ot출력 일시: 12-14-2021, 오전 11:35:20
ot출력 일시: 12-14-2021, 오전 11:57:13
ot출력 일시: 12-14-2021, 오후 12:35:26
ot출력 일시: 12-14-2021, 오후 12:46:44
ot출력 일시: 12-14-2021, 오후 12:49:58
ot출력 일시: 12-14-2021, 오후 12:53:05
goojoonpyo2382님의 이야기: 부계정으로 하실 건가요? ㅋㅋ
goojoonpyo2382님의 이야기: 네
ot출력 일시: 12-14-2021, 오후 12:55:00
goojoonpyo2382님의 이야기: 부계정으로 하실 건가요? ㅋㅋ
goojoonpyo2382님의 이야기: 네
ot출력 일시: 12-14-2021, 오후 12:57:57
goojoonpyo2382님의 이야기: 부계정으로 하실 건가요? ㅋㅋ
goojoonpyo2382님의 이야기: 네
ot출력 일시: 12-14-2021, 오후 12:58:02
goojoonpyo2382님의 이야기: 부계정으로 하실 건가요? ㅋㅋ
goojoonpyo2382님의 이야기: 네
ot출력 일시: 12-14-2021, 오후 12:58:12
goojoonpyo2382님의 이야기: 부계정으로 하실 건가요? ㅋㅋ
goojoonpyo2382님의 이야기: 네
ot출력 일시: 12-14-2021, 오후 1:44:16
goojoonpyo2382님의 이야기: 부계정으로 하실 건가요? ㅋㅋ
goojoonpyo2382님의 이야기: 네
ot출력 일시: 12-14-2021, 오후 1:56:50
goojoonpyo2382님의 이야기: 부계정으로 하실 건가요? ㅋㅋ
goojoonpyo2382님의 이야기: 네
goojoonpyo2382님의 이야기: 감사합니다
ot출력 일시: 12-14-2021, 오후 1:58:16
goojoonpyo2382님의 이야기: 부계정으로 하실 건가요? ㅋㅋ
goojoonpyo2382님의 이야기: 네
goojoonpyo2382님의 이야기: 감사합니다
ot출력 일시: 12-14-2021, 오후 2:01:11
goojoonpyo2382님의 이야기: 부계정으로 하실 건가요? ㅋㅋ
goojoonpyo2382님의 이야기: 네
goojoonpyo2382님의 이야기: 감사합니다
ot출력 일시: 12-14-2021, 오후 2:01:38
goojoonpyo2382님의 이야기: 부계정으로 하실 건가요? ㅋㅋ
goojoonpyo2382님의 이야기: 네
goojoonpyo2382님의 이야기: 감사합니다
ot출력 일시: 12-14-2021, 오후 2:10:23
goojoonpyo2382님의 이야기: 부계정으로 하실 건가요? ㅋㅋ
goojoonpyo2382님의 이야기: 네
goojoonpyo2382님의 이야기: 감사합니다
ot출력 일시: 12-14-2021, 오후 4:30:38
dream님의 이야기: 안녕하세요
ot출력 일시: 12-14-2021, 오후 4:54:53
dream님의 이야기: 안녕하세요
ot출력 일시: 12-14-2021, 오후 6:32:06
goojoonpyo2382님의 이야기: jackpot님 원래 spw칼 만드는건 하나 밖에 안됬었나요? ㅋㅋ
goojoonpyo2382님의 이야기: 임무를 어떻게 깨나요? ㅋ
goojoonpyo2382님의 이야기: 아까 탬펄로 가서 했는데 안되더라고요 ㅋㅋ
goojoonpyo2382님의 이야기: 칼 만들때 필요한 에이션트라이프 와 에이션트 에모랑 에이션트 아머 이렇게 다 있어요 ㅋㅋ
goojoonpyo2382님의 이야기: 그것도 있어요 ㅋㅋ
goojoonpyo2382님의 이야기: jackpot님 저 관전해보세요 ㅋㅋ
ot출력 일시: 12-14-2021, 오후 6:49:05
goojoonpyo2382님의 이야기: 아 jackpot님 죄송한데요 아까 아이템 소환 해주신 거요 소환 되는 시간을 좀더 빠르게 해주실 수 있나요? 제가 편집 할려고 했는데 안되서요 ㅋㅋ
ot출력 일시: 12-14-2021, 오후 7:50:30
ot출력 일시: 12-14-2021, 오후 8:02:48
ot출력 일시: 12-14-2021, 오후 8:49:40
ot출력 일시: 12-14-2021, 오후 9:01:49
ot출력 일시: 12-14-2021, 오후 9:05:41
ot출력 일시: 12-14-2021, 오후 9:23:25
goojoonpyo2382님의 이야기: 어디계세요 ㅋㅋ
ot출력 일시: 12-14-2021, 오후 9:32:32
ot출력 일시: 12-14-2021, 오후 10:34:31
ot출력 일시: 12-14-2021, 오후 10:47:31
ot출력 일시: 12-14-2021, 오후 10:48:06
ot출력 일시: 12-14-2021, 오후 11:04:18
ot출력 일시: 12-14-2021, 오후 11:17:36
ot출력 일시: 12-14-2021, 오후 11:20:24
ot출력 일시: 12-14-2021, 오후 11:22:08
ot출력 일시: 12-14-2021, 오후 11:23:47
ot출력 일시: 12-14-2021, 오후 11:27:19
ot출력 일시: 12-14-2021, 오후 11:57:28
ot출력 일시: 12-15-2021, 오전 12:00:50
ot출력 일시: 12-15-2021, 오전 1:29:44
ot출력 일시: 12-15-2021, 오전 1:41:13
ot출력 일시: 12-15-2021, 오전 1:42:46
ot출력 일시: 12-15-2021, 오전 1:44:41
ot출력 일시: 12-15-2021, 오전 10:37:54
ot출력 일시: 12-15-2021, 오전 10:44:53
ot출력 일시: 12-15-2021, 오전 11:12:14
ot출력 일시: 12-15-2021, 오전 11:12:56
ot출력 일시: 12-15-2021, 오전 11:13:56
ot출력 일시: 12-15-2021, 오전 11:14:43
ot출력 일시: 12-15-2021, 오전 11:15:16
ot출력 일시: 12-15-2021, 오전 11:16:34
ot출력 일시: 12-15-2021, 오전 11:17:08
ot출력 일시: 12-15-2021, 오전 11:20:35
ot출력 일시: 12-15-2021, 오전 11:21:09
ot출력 일시: 12-15-2021, 오전 11:21:35
ot출력 일시: 12-15-2021, 오전 11:22:46
ot출력 일시: 12-15-2021, 오전 11:24:58
ot출력 일시: 12-15-2021, 오전 11:33:53
ot출력 일시: 12-15-2021, 오후 1:40:21
ot출력 일시: 12-15-2021, 오후 2:32:57
ot출력 일시: 12-15-2021, 오후 3:18:19
ot출력 일시: 12-15-2021, 오후 5:20:19
ot출력 일시: 12-15-2021, 오후 6:07:09
ot출력 일시: 12-15-2021, 오후 8:50:10
ot출력 일시: 12-15-2021, 오후 8:55:26
ot출력 일시: 12-15-2021, 오후 9:27:07
goojoonpyo2382님의 이야기: 킬 올리고 싶으시면 언제든지 말씀만 하세요 도와 드릴게요 ㅋㅋ
ot출력 일시: 12-15-2021, 오후 9:30:18
goojoonpyo2382님의 이야기: 킬 올리고 싶으시면 언제든지 말씀만 하세요 도와 드릴게요 ㅋㅋ
ot출력 일시: 12-15-2021, 오후 9:33:42
goojoonpyo2382님의 이야기: 킬 올리고 싶으시면 언제든지 말씀만 하세요 도와 드릴게요 ㅋㅋ
ot출력 일시: 12-15-2021, 오후 10:43:21
goojoonpyo2382님의 이야기: 킬 올리고 싶으시면 언제든지 말씀만 하세요 도와 드릴게요 ㅋㅋ
goojoonpyo2382님의 이야기: 고개는 몇도로 하면 되나요? 
ot출력 일시: 12-15-2021, 오후 11:10:46
ot출력 일시: 12-16-2021, 오후 6:24:29
ot출력 일시: 12-16-2021, 오후 7:15:31
libera님의 이야기: 맞아요 ㅡㅡ
ot출력 일시: 12-16-2021, 오후 7:31:18
ot출력 일시: 12-16-2021, 오후 8:29:39
ot출력 일시: 12-16-2021, 오후 8:44:03
ot출력 일시: 12-16-2021, 오후 9:59:01
goojoonpyo2382님의 이야기: 안녕하세요 ㅋㅋ
goojoonpyo2382님의 이야기: jackpot님 혹시 죄송한데 nvda 미 버전 음성 데이터 파일 있으신가요? 제가 nvda뉴미를 쓰고 있는데 갑자기 초기화 된 것 같아요 남성 음성 목소리가 나와서 보니 유미 음성파일이 없더라고요 
goojoonpyo2382님의 이야기: jackpot님 지금 바쁘신가요? ㅋㅋ
goojoonpyo2382님의 이야기: 죄송한데요 혹시 nvda 유미 음성파일 하나 보내 주실 수 있나요? nvda가 갑자기 초기화가 되서 유미 음성파일이 날아갔거든요 pgr자료실에 찾아봤는데 있긴 한데 설치 파일 하나가 손상 된 것 같더라고요 ㅋㅋ
ot출력 일시: 12-16-2021, 오후 11:45:08
ot출력 일시: 12-16-2021, 오후 11:52:12
ot출력 일시: 12-17-2021, 오후 1:03:32
ot출력 일시: 12-17-2021, 오후 4:11:42
ot출력 일시: 12-17-2021, 오후 8:26:34
gog님의 답장: 나는 왔다.
ot출력 일시: 12-18-2021, 오전 11:47:39
ot출력 일시: 12-18-2021, 오전 11:50:40
ot출력 일시: 12-18-2021, 오전 11:53:43
ot출력 일시: 12-18-2021, 오전 11:55:00
ot출력 일시: 12-18-2021, 오전 11:58:48
ot출력 일시: 12-18-2021, 오후 12:00:01
ot출력 일시: 12-18-2021, 오후 12:00:07
ot출력 일시: 12-18-2021, 오후 12:01:04
ot출력 일시: 12-18-2021, 오후 12:09:12
ot출력 일시: 12-18-2021, 오후 12:18:58
ot출력 일시: 12-18-2021, 오후 12:23:41
ot출력 일시: 12-18-2021, 오후 12:44:53
ot출력 일시: 12-18-2021, 오후 12:45:04
ot출력 일시: 12-18-2021, 오후 12:51:22
ot출력 일시: 12-18-2021, 오후 1:04:03
ot출력 일시: 12-18-2021, 오후 1:12:05
ot출력 일시: 12-18-2021, 오후 1:45:11
ot출력 일시: 12-18-2021, 오후 1:52:34
ot출력 일시: 12-18-2021, 오후 2:01:09
ot출력 일시: 12-18-2021, 오후 2:41:54
ot출력 일시: 12-18-2021, 오후 3:27:41
ot출력 일시: 12-18-2021, 오후 3:29:33
ot출력 일시: 12-18-2021, 오후 3:32:37
ot출력 일시: 12-18-2021, 오후 3:32:46
ot출력 일시: 12-18-2021, 오후 3:34:52
ot출력 일시: 12-18-2021, 오후 3:41:08
ot출력 일시: 12-18-2021, 오후 3:46:57
ot출력 일시: 12-18-2021, 오후 3:54:03
ot출력 일시: 12-18-2021, 오후 4:30:26
ot출력 일시: 12-18-2021, 오후 4:35:45
ot출력 일시: 12-18-2021, 오후 4:48:16
ot출력 일시: 12-18-2021, 오후 4:58:41
ot출력 일시: 12-18-2021, 오후 5:01:01
ot출력 일시: 12-18-2021, 오후 5:03:32
ot출력 일시: 12-18-2021, 오후 5:19:07
ot출력 일시: 12-18-2021, 오후 5:30:52
ot출력 일시: 12-18-2021, 오후 6:04:42
ot출력 일시: 12-18-2021, 오후 6:18:26
ot출력 일시: 12-18-2021, 오후 6:27:04
ot출력 일시: 12-18-2021, 오후 6:28:57
ot출력 일시: 12-18-2021, 오후 6:55:49
ot출력 일시: 12-18-2021, 오후 8:18:09
ot출력 일시: 12-18-2021, 오후 8:43:10