
ot출력 일시: 8-31-2021, 오후 1:10:18
ot출력 일시: 8-31-2021, 오후 6:39:26
ot출력 일시: 8-31-2021, 오후 6:48:52
ot출력 일시: 8-31-2021, 오후 6:49:28
ot출력 일시: 8-31-2021, 오후 7:06:13
ot출력 일시: 9-1-2021, 오전 11:05:12
ot출력 일시: 9-1-2021, 오전 11:06:26
ot출력 일시: 9-1-2021, 오전 11:08:14
ot출력 일시: 9-1-2021, 오전 11:09:17
ot출력 일시: 9-1-2021, 오전 11:12:28
ot출력 일시: 9-1-2021, 오전 11:36:23
ot출력 일시: 9-1-2021, 오후 3:37:04
동네북님이 게임에 들어옵니다.
동네북님이 게임을 떠납니다.
동네북님이 게임에 들어옵니다.
동네북님이 게임을 떠납니다.
ot출력 일시: 9-1-2021, 오후 4:10:04
동네북님이 게임에 들어옵니다.
동네북님이 게임을 떠납니다.
동네북님이 게임에 들어옵니다.
동네북님이 게임을 떠납니다.
ot출력 일시: 9-1-2021, 오후 5:43:24
ot출력 일시: 9-1-2021, 오후 5:43:33
ot출력 일시: 9-1-2021, 오후 5:44:06
ot출력 일시: 9-2-2021, 오전 11:10:06
ot출력 일시: 9-2-2021, 오전 11:10:35
ot출력 일시: 9-2-2021, 오후 12:18:53
ot출력 일시: 9-2-2021, 오후 5:14:14
ot출력 일시: 9-2-2021, 오후 5:14:57
ot출력 일시: 9-2-2021, 오후 6:46:23
ot출력 일시: 9-2-2021, 오후 7:06:29
ot출력 일시: 9-2-2021, 오후 7:12:03
ot출력 일시: 9-2-2021, 오후 7:13:53
ot출력 일시: 9-2-2021, 오후 9:30:12
name_audio님이 게임을 떠납니다.
gog님이 게임을 떠납니다.
gog님이 게임에 들어옵니다.
catpo님이 게임을 떠납니다.
ot출력 일시: 9-2-2021, 오후 11:16:26
ot출력 일시: 9-2-2021, 오후 11:16:44
ot출력 일시: 9-3-2021, 오전 11:49:07
ot출력 일시: 9-3-2021, 오전 11:49:21
ot출력 일시: 9-3-2021, 오후 9:05:40
ot출력 일시: 9-3-2021, 오후 9:06:04
ot출력 일시: 9-3-2021, 오후 10:14:35
ot출력 일시: 9-3-2021, 오후 10:15:08
ot출력 일시: 9-3-2021, 오후 10:16:48
ot출력 일시: 9-3-2021, 오후 10:42:59
silver_wolf님이 게임을 떠납니다.
ot출력 일시: 9-3-2021, 오후 10:46:26
ot출력 일시: 9-3-2021, 오후 11:20:00
루나님이 게임에 들어옵니다.
irene님이 게임을 떠납니다.
ot출력 일시: 9-3-2021, 오후 11:26:35
루나님이 게임에 들어옵니다.
irene님이 게임을 떠납니다.
ot출력 일시: 9-4-2021, 오전 9:01:53
ot출력 일시: 9-4-2021, 오전 9:02:25
ot출력 일시: 9-4-2021, 오후 5:18:07
ot출력 일시: 9-4-2021, 오후 5:20:08
ot출력 일시: 9-4-2021, 오후 8:00:22
ot출력 일시: 9-4-2021, 오후 8:07:31
ot출력 일시: 9-4-2021, 오후 8:58:25
ot출력 일시: 9-4-2021, 오후 8:58:50
ot출력 일시: 9-4-2021, 오후 8:59:05
ot출력 일시: 9-4-2021, 오후 8:59:32
ot출력 일시: 9-4-2021, 오후 8:59:42
ot출력 일시: 9-4-2021, 오후 9:01:36
ot출력 일시: 9-4-2021, 오후 9:06:53
ot출력 일시: 9-4-2021, 오후 9:23:36
ot출력 일시: 9-4-2021, 오후 10:03:22
ot출력 일시: 9-4-2021, 오후 10:03:40
ot출력 일시: 9-5-2021, 오전 12:01:23
ot출력 일시: 9-5-2021, 오전 12:02:41
ot출력 일시: 9-5-2021, 오전 12:05:29
ot출력 일시: 9-5-2021, 오전 10:05:44
ot출력 일시: 9-5-2021, 오전 11:13:43
ot출력 일시: 9-5-2021, 오전 11:14:14
ot출력 일시: 9-5-2021, 오전 11:44:16
ot출력 일시: 9-5-2021, 오전 11:45:24
ot출력 일시: 9-5-2021, 오후 5:24:15
ot출력 일시: 9-5-2021, 오후 5:24:34
ot출력 일시: 9-5-2021, 오후 5:25:24
ot출력 일시: 9-5-2021, 오후 7:57:57
ot출력 일시: 9-5-2021, 오후 8:12:29
ot출력 일시: 9-5-2021, 오후 8:35:22
catpo님이 게임을 떠납니다.
ot출력 일시: 9-5-2021, 오후 10:10:14
ot출력 일시: 9-5-2021, 오후 10:10:30
ot출력 일시: 9-6-2021, 오전 12:09:12
ot출력 일시: 9-6-2021, 오후 12:22:13
ot출력 일시: 9-6-2021, 오후 12:22:55
ot출력 일시: 9-6-2021, 오후 2:28:24
ot출력 일시: 9-6-2021, 오후 2:28:58
ot출력 일시: 9-6-2021, 오후 7:29:51
ot출력 일시: 9-6-2021, 오후 7:31:00
ot출력 일시: 9-6-2021, 오후 11:51:36
ot출력 일시: 9-7-2021, 오후 6:57:20
free님이 게임에 들어옵니다.
free님이 게임을 떠납니다.
sky님이 게임에 들어옵니다.
ot출력 일시: 9-7-2021, 오후 7:13:56
free님이 게임에 들어옵니다.
free님이 게임을 떠납니다.
sky님이 게임에 들어옵니다.
ot출력 일시: 9-7-2021, 오후 8:08:19
free님이 게임에 들어옵니다.
free님이 게임을 떠납니다.
sky님이 게임에 들어옵니다.
sky님이 게임을 떠납니다.
sky님이 게임에 들어옵니다.
sky님이 게임을 떠납니다.
sky님이 게임에 들어옵니다.
sky님이 게임을 떠납니다.
jangbi님이 게임에 들어옵니다.
jangbi님이 게임을 떠납니다.
ot출력 일시: 9-7-2021, 오후 8:55:24
ot출력 일시: 9-7-2021, 오후 8:59:00
ot출력 일시: 9-7-2021, 오후 10:19:06
ot출력 일시: 9-7-2021, 오후 10:56:10
동네북님이 게임을 떠납니다.
동네북님이 게임에 들어옵니다.
ot출력 일시: 9-7-2021, 오후 10:59:02
동네북님이 게임을 떠납니다.
동네북님이 게임에 들어옵니다.
동네북님이 게임을 떠납니다.
ot출력 일시: 9-7-2021, 오후 10:59:19
동네북님이 게임을 떠납니다.
동네북님이 게임에 들어옵니다.
동네북님이 게임을 떠납니다.
ot출력 일시: 9-7-2021, 오후 11:47:54
동네북님이 게임에 들어옵니다.
goojoonpyo2382님이 게임을 떠납니다.
lion2382님이 게임에 들어옵니다.
lion2382님이 게임을 떠납니다.
goojoonpyo2382님이 게임에 들어옵니다.
goojoonpyo2382님이 게임을 떠납니다.
lion2382님이 게임에 들어옵니다.
lion2382님이 게임을 떠납니다.
goojoonpyo2382님이 게임에 들어옵니다.
goojoonpyo2382님이 게임을 떠납니다.
lion2382님이 게임에 들어옵니다.
ot출력 일시: 9-7-2021, 오후 11:54:19
동네북님이 게임에 들어옵니다.
goojoonpyo2382님이 게임을 떠납니다.
lion2382님이 게임에 들어옵니다.
lion2382님이 게임을 떠납니다.
goojoonpyo2382님이 게임에 들어옵니다.
goojoonpyo2382님이 게임을 떠납니다.
lion2382님이 게임에 들어옵니다.
lion2382님이 게임을 떠납니다.
goojoonpyo2382님이 게임에 들어옵니다.
goojoonpyo2382님이 게임을 떠납니다.
lion2382님이 게임에 들어옵니다.
ot출력 일시: 9-7-2021, 오후 11:54:39
ot출력 일시: 9-8-2021, 오전 1:50:10
goojoonpyo2382님이 게임을 떠납니다.
gog님이 게임을 떠납니다.
ot출력 일시: 9-8-2021, 오전 10:48:48
ot출력 일시: 9-8-2021, 오전 11:16:35
동네북님이 게임에 들어옵니다.
ot출력 일시: 9-8-2021, 오전 11:26:27
동네북님이 게임에 들어옵니다.
ot출력 일시: 9-8-2021, 오후 6:30:34
ot출력 일시: 9-8-2021, 오후 6:30:56
ot출력 일시: 9-8-2021, 오후 8:56:20
ot출력 일시: 9-8-2021, 오후 8:58:49
ot출력 일시: 9-8-2021, 오후 10:41:09
ot출력 일시: 9-8-2021, 오후 10:41:27
ot출력 일시: 9-8-2021, 오후 11:31:43
ot출력 일시: 9-8-2021, 오후 11:31:46
ot출력 일시: 9-9-2021, 오후 2:07:22
ot출력 일시: 9-9-2021, 오후 3:17:25
ot출력 일시: 9-9-2021, 오후 3:18:11
gog님이 게임을 떠납니다.
ot출력 일시: 9-9-2021, 오후 6:57:33
ot출력 일시: 9-9-2021, 오후 6:57:39
ot출력 일시: 9-9-2021, 오후 7:23:14
ot출력 일시: 9-9-2021, 오후 9:22:29
ot출력 일시: 9-9-2021, 오후 9:22:45
ot출력 일시: 9-9-2021, 오후 9:35:32
ot출력 일시: 9-9-2021, 오후 9:38:38
ot출력 일시: 9-9-2021, 오후 11:21:31
ot출력 일시: 9-9-2021, 오후 11:22:59
ot출력 일시: 9-10-2021, 오후 1:01:29
ot출력 일시: 9-10-2021, 오후 2:16:34
ot출력 일시: 9-10-2021, 오후 2:17:06
ot출력 일시: 9-10-2021, 오후 10:07:16
ot출력 일시: 9-11-2021, 오전 11:23:50
ot출력 일시: 9-11-2021, 오후 12:49:10
ot출력 일시: 9-11-2021, 오후 2:05:44
h님이 게임에 들어옵니다.
ot출력 일시: 9-11-2021, 오후 2:06:16
h님이 게임에 들어옵니다.
ot출력 일시: 9-11-2021, 오후 2:09:44
h님이 게임에 들어옵니다.
ot출력 일시: 9-11-2021, 오후 3:58:26
ot출력 일시: 9-11-2021, 오후 3:58:29
ot출력 일시: 9-11-2021, 오후 7:46:25
ot출력 일시: 9-11-2021, 오후 7:46:52
ot출력 일시: 9-11-2021, 오후 8:15:55
ot출력 일시: 9-11-2021, 오후 8:16:14
ot출력 일시: 9-11-2021, 오후 8:16:35
ot출력 일시: 9-11-2021, 오후 8:30:41
ot출력 일시: 9-11-2021, 오후 9:47:27
ot출력 일시: 9-12-2021, 오전 12:09:09
h님이 게임을 떠납니다.
h님이 게임에 들어옵니다.
ot출력 일시: 9-12-2021, 오전 1:06:36
ot출력 일시: 9-12-2021, 오전 1:06:47
ot출력 일시: 9-13-2021, 오전 11:08:05
ot출력 일시: 9-13-2021, 오전 11:08:19
ot출력 일시: 9-13-2021, 오전 11:08:34
ot출력 일시: 9-13-2021, 오후 1:16:29
ot출력 일시: 9-13-2021, 오후 1:16:40
ot출력 일시: 9-15-2021, 오전 10:36:35
ot출력 일시: 9-15-2021, 오후 12:26:13
ot출력 일시: 9-16-2021, 오후 10:15:11
silver_wolf님이 게임을 떠납니다.
free님이 게임에 들어옵니다.
ot출력 일시: 9-17-2021, 오전 12:18:42
silver_wolf님이 게임을 떠납니다.
free님이 게임에 들어옵니다.
milk님이 게임을 떠납니다.
milk님이 게임에 들어옵니다.
pang님이 게임에 들어옵니다.
pang님이 게임을 떠납니다.
pang님이 게임에 들어옵니다.
milk님이 게임을 떠납니다.
milk님이 게임에 들어옵니다.
goojoonpyo2382님이 게임을 떠납니다.
milk님이 게임을 떠납니다.
milk님이 게임에 들어옵니다.
ot출력 일시: 9-17-2021, 오전 12:19:00
silver_wolf님이 게임을 떠납니다.
free님이 게임에 들어옵니다.
milk님이 게임을 떠납니다.
milk님이 게임에 들어옵니다.
pang님이 게임에 들어옵니다.
pang님이 게임을 떠납니다.
pang님이 게임에 들어옵니다.
milk님이 게임을 떠납니다.
milk님이 게임에 들어옵니다.
goojoonpyo2382님이 게임을 떠납니다.
milk님이 게임을 떠납니다.
milk님이 게임에 들어옵니다.
ot출력 일시: 9-17-2021, 오전 12:21:29
silver_wolf님이 게임을 떠납니다.
free님이 게임에 들어옵니다.
milk님이 게임을 떠납니다.
milk님이 게임에 들어옵니다.
pang님이 게임에 들어옵니다.
pang님이 게임을 떠납니다.
pang님이 게임에 들어옵니다.
milk님이 게임을 떠납니다.
milk님이 게임에 들어옵니다.
goojoonpyo2382님이 게임을 떠납니다.
milk님이 게임을 떠납니다.
milk님이 게임에 들어옵니다.
milk님이 게임을 떠납니다.
ot출력 일시: 9-17-2021, 오후 8:00:27
goojoonpyo2382님이 게임을 떠납니다.
goojoonpyo2382님이 게임에 들어옵니다.
ot출력 일시: 9-17-2021, 오후 8:48:35
ot출력 일시: 9-17-2021, 오후 8:53:23
irene님이 게임을 떠납니다.
irene님이 게임에 들어옵니다.
ot출력 일시: 9-18-2021, 오전 12:51:35
ot출력 일시: 9-18-2021, 오전 12:51:44
ot출력 일시: 9-18-2021, 오전 10:11:55
ot출력 일시: 9-18-2021, 오전 10:12:23
ot출력 일시: 9-18-2021, 오전 10:13:02
ot출력 일시: 9-18-2021, 오전 10:15:48
ot출력 일시: 9-18-2021, 오전 10:32:38
ot출력 일시: 9-18-2021, 오전 10:40:45
ot출력 일시: 9-18-2021, 오전 10:41:09
ot출력 일시: 9-18-2021, 오후 12:18:29
ot출력 일시: 9-18-2021, 오후 12:36:26
ot출력 일시: 9-18-2021, 오후 12:37:13
ot출력 일시: 9-18-2021, 오후 1:15:44
ot출력 일시: 9-18-2021, 오후 1:49:09
ot출력 일시: 9-18-2021, 오후 4:58:43
ot출력 일시: 9-18-2021, 오후 5:12:12
ot출력 일시: 9-18-2021, 오후 5:48:40
ot출력 일시: 9-18-2021, 오후 10:40:20
ot출력 일시: 9-18-2021, 오후 10:40:36
ot출력 일시: 9-19-2021, 오전 11:10:45
ot출력 일시: 9-19-2021, 오전 11:11:31
ot출력 일시: 9-19-2021, 오후 1:01:32
ot출력 일시: 9-19-2021, 오후 1:01:42
ot출력 일시: 9-19-2021, 오후 3:25:18
power_point2021님이 게임을 떠납니다.
dream님이 게임에 들어옵니다.
ot출력 일시: 9-19-2021, 오후 4:17:32
power_point2021님이 게임을 떠납니다.
dream님이 게임에 들어옵니다.
sky님이 게임을 떠납니다.
dream님이 게임을 떠납니다.
ot출력 일시: 9-19-2021, 오후 7:40:57
ot출력 일시: 9-19-2021, 오후 7:42:04
ot출력 일시: 9-19-2021, 오후 9:43:28
ot출력 일시: 9-19-2021, 오후 9:45:47
ot출력 일시: 9-20-2021, 오후 12:58:41
ot출력 일시: 9-20-2021, 오후 2:01:31
ot출력 일시: 9-20-2021, 오후 4:40:54
ot출력 일시: 9-20-2021, 오후 4:41:18
ot출력 일시: 9-21-2021, 오전 9:31:58
ot출력 일시: 9-21-2021, 오전 9:32:16
ot출력 일시: 9-21-2021, 오후 3:11:14
ot출력 일시: 9-21-2021, 오후 3:11:32
ot출력 일시: 9-21-2021, 오후 10:40:01
ot출력 일시: 9-21-2021, 오후 10:40:21
ot출력 일시: 9-22-2021, 오후 5:44:18
ot출력 일시: 9-22-2021, 오후 5:44:52
ot출력 일시: 9-22-2021, 오후 9:20:14
ot출력 일시: 9-22-2021, 오후 9:20:33
ot출력 일시: 9-22-2021, 오후 9:40:35
ot출력 일시: 9-23-2021, 오후 5:19:13
ot출력 일시: 9-23-2021, 오후 5:20:29
ot출력 일시: 9-25-2021, 오전 11:39:24
ot출력 일시: 9-25-2021, 오전 11:39:43
ot출력 일시: 9-25-2021, 오후 2:56:16
ot출력 일시: 9-25-2021, 오후 3:06:35
ot출력 일시: 9-26-2021, 오전 11:53:08
ot출력 일시: 9-26-2021, 오후 5:36:15
ot출력 일시: 9-26-2021, 오후 5:36:28
ot출력 일시: 9-28-2021, 오후 1:56:51
ot출력 일시: 9-30-2021, 오후 8:25:18
ot출력 일시: 10-3-2021, 오후 6:23:46
ot출력 일시: 10-3-2021, 오후 6:27:13
ot출력 일시: 10-3-2021, 오후 6:27:26
ot출력 일시: 10-4-2021, 오후 5:21:33
ot출력 일시: 10-7-2021, 오후 8:39:10
ot출력 일시: 10-8-2021, 오후 7:25:12
program님이 게임에 들어옵니다.
ot출력 일시: 10-8-2021, 오후 7:38:30
program님이 게임에 들어옵니다.
ot출력 일시: 10-9-2021, 오전 10:38:46
ot출력 일시: 10-9-2021, 오전 10:39:53
ot출력 일시: 10-9-2021, 오전 10:51:12
irene님이 게임을 떠납니다.
irene님이 게임에 들어옵니다.
ot출력 일시: 10-9-2021, 오전 11:20:44
ot출력 일시: 10-9-2021, 오전 11:21:06
ot출력 일시: 10-9-2021, 오전 11:21:46
ot출력 일시: 10-9-2021, 오후 12:38:14
ot출력 일시: 10-9-2021, 오후 4:45:31
ot출력 일시: 10-9-2021, 오후 4:45:54
ot출력 일시: 10-9-2021, 오후 11:41:43
ot출력 일시: 10-9-2021, 오후 11:41:57
ot출력 일시: 10-14-2021, 오후 1:59:43
ot출력 일시: 10-14-2021, 오후 2:00:03
ot출력 일시: 10-21-2021, 오후 8:53:45
ot출력 일시: 10-29-2021, 오후 11:13:01
irene님이 게임에 들어옵니다.
ot출력 일시: 10-29-2021, 오후 11:27:41
irene님이 게임에 들어옵니다.
irene님이 게임을 떠납니다.
ot출력 일시: 10-29-2021, 오후 11:28:42
irene님이 게임에 들어옵니다.
irene님이 게임을 떠납니다.
ot출력 일시: 10-30-2021, 오전 12:59:18
silver_wolf님이 게임에 들어옵니다.
silver_wolf님이 게임을 떠납니다.
ot출력 일시: 11-1-2021, 오후 6:16:16
ot출력 일시: 11-1-2021, 오후 6:16:36
ot출력 일시: 11-1-2021, 오후 9:36:14
ot출력 일시: 11-1-2021, 오후 10:06:27
ot출력 일시: 11-2-2021, 오후 1:09:59
ot출력 일시: 11-4-2021, 오후 5:38:10
ot출력 일시: 11-4-2021, 오후 5:40:59
ot출력 일시: 11-4-2021, 오후 6:25:53
ot출력 일시: 11-10-2021, 오후 7:40:49
ot출력 일시: 11-10-2021, 오후 8:02:10
ot출력 일시: 11-10-2021, 오후 8:06:49
ot출력 일시: 11-10-2021, 오후 8:09:09
ot출력 일시: 11-10-2021, 오후 8:11:21
ot출력 일시: 11-10-2021, 오후 8:17:57
ot출력 일시: 11-11-2021, 오후 10:00:29
ot출력 일시: 11-11-2021, 오후 10:07:41
ot출력 일시: 11-11-2021, 오후 11:05:27
ot출력 일시: 11-11-2021, 오후 11:31:04
ot출력 일시: 11-11-2021, 오후 11:38:50
ot출력 일시: 11-12-2021, 오후 12:38:55
ot출력 일시: 11-12-2021, 오후 12:39:09
ot출력 일시: 11-13-2021, 오후 2:21:27
ot출력 일시: 11-13-2021, 오후 2:26:33
ot출력 일시: 11-13-2021, 오후 3:07:11
gog님이 게임에 들어옵니다.
h님이 게임에 들어옵니다.
h님이 게임을 떠납니다.
ot출력 일시: 11-13-2021, 오후 3:49:24
h님이 게임에 들어옵니다.
h님이 게임을 떠납니다.
ot출력 일시: 11-13-2021, 오후 4:36:53
h님이 게임에 들어옵니다.
h님이 게임을 떠납니다.
ot출력 일시: 11-13-2021, 오후 5:45:54
ot출력 일시: 11-13-2021, 오후 6:51:51
ot출력 일시: 11-13-2021, 오후 7:30:43
ot출력 일시: 11-13-2021, 오후 7:31:41
ot출력 일시: 11-14-2021, 오전 12:11:17
ot출력 일시: 11-14-2021, 오전 12:11:50
ot출력 일시: 11-14-2021, 오후 12:29:50
ot출력 일시: 11-14-2021, 오후 12:37:48
ot출력 일시: 11-14-2021, 오후 12:54:17
ot출력 일시: 11-14-2021, 오후 5:46:27
ot출력 일시: 11-14-2021, 오후 5:47:01
ot출력 일시: 11-14-2021, 오후 6:21:11
ot출력 일시: 11-14-2021, 오후 6:21:29
ot출력 일시: 11-14-2021, 오후 7:08:19
ot출력 일시: 11-14-2021, 오후 7:31:48
ot출력 일시: 11-14-2021, 오후 7:32:52
ot출력 일시: 11-14-2021, 오후 11:14:01
gog님이 게임을 떠납니다.
jaeseonsong님이 게임에 들어옵니다.
jaeseonsong님이 게임을 떠납니다.
ot출력 일시: 11-14-2021, 오후 11:32:58
ot출력 일시: 11-14-2021, 오후 11:33:10
ot출력 일시: 11-15-2021, 오전 12:27:44
ot출력 일시: 11-15-2021, 오후 5:01:44
ot출력 일시: 11-15-2021, 오후 5:01:48
ot출력 일시: 11-15-2021, 오후 5:05:16
ot출력 일시: 11-15-2021, 오후 6:46:16
ot출력 일시: 11-15-2021, 오후 6:46:31
ot출력 일시: 11-15-2021, 오후 7:53:25
ot출력 일시: 11-15-2021, 오후 7:55:55
ot출력 일시: 11-15-2021, 오후 8:17:01
ot출력 일시: 11-15-2021, 오후 8:17:14
ot출력 일시: 11-15-2021, 오후 8:17:21
ot출력 일시: 11-15-2021, 오후 8:26:01
ot출력 일시: 11-15-2021, 오후 8:28:01
ot출력 일시: 11-15-2021, 오후 8:29:50
ot출력 일시: 11-15-2021, 오후 8:39:24
ot출력 일시: 11-15-2021, 오후 8:43:29
ot출력 일시: 11-15-2021, 오후 8:43:59
ot출력 일시: 11-15-2021, 오후 8:45:44
ot출력 일시: 11-15-2021, 오후 8:57:29
ot출력 일시: 11-15-2021, 오후 8:57:34
ot출력 일시: 11-15-2021, 오후 11:30:34
free님이 게임에 들어옵니다.
ot출력 일시: 11-16-2021, 오전 11:08:41
ot출력 일시: 11-16-2021, 오전 11:10:22
ot출력 일시: 11-16-2021, 오후 1:57:24
ot출력 일시: 11-16-2021, 오후 1:57:39
ot출력 일시: 11-16-2021, 오후 2:04:37
ot출력 일시: 11-16-2021, 오후 8:59:10
ot출력 일시: 11-16-2021, 오후 9:02:35
ot출력 일시: 11-16-2021, 오후 9:15:59
ot출력 일시: 11-16-2021, 오후 9:16:55
ot출력 일시: 11-16-2021, 오후 9:19:16
ot출력 일시: 11-16-2021, 오후 10:41:52
ot출력 일시: 11-16-2021, 오후 10:42:08
ot출력 일시: 11-16-2021, 오후 10:44:09
ot출력 일시: 11-16-2021, 오후 11:19:55
ot출력 일시: 11-16-2021, 오후 11:49:07
ot출력 일시: 11-16-2021, 오후 11:49:15
ot출력 일시: 11-17-2021, 오후 1:39:15
ot출력 일시: 11-17-2021, 오후 1:40:53
ot출력 일시: 11-17-2021, 오후 2:07:17
ot출력 일시: 11-17-2021, 오후 6:27:44
ot출력 일시: 11-17-2021, 오후 6:43:41
ot출력 일시: 11-17-2021, 오후 10:08:08
ot출력 일시: 11-17-2021, 오후 10:10:52
ot출력 일시: 11-18-2021, 오후 1:11:17
ot출력 일시: 11-18-2021, 오후 1:23:58
ot출력 일시: 11-18-2021, 오후 1:24:23
ot출력 일시: 11-18-2021, 오후 2:17:36
ot출력 일시: 11-18-2021, 오후 2:18:01
ot출력 일시: 11-18-2021, 오후 8:02:52
ot출력 일시: 11-18-2021, 오후 8:45:19
gog님이 게임에 들어옵니다.
superman님이 게임에 들어옵니다.
superman님이 게임을 떠납니다.
superman님이 게임에 들어옵니다.
superman님이 게임을 떠납니다.
superman님이 게임에 들어옵니다.
dream님이 게임에 들어옵니다.
cuchulainn님이 게임을 떠납니다.
pluto님이 게임에 들어옵니다.
ot출력 일시: 11-18-2021, 오후 8:46:20
gog님이 게임에 들어옵니다.
superman님이 게임에 들어옵니다.
superman님이 게임을 떠납니다.
superman님이 게임에 들어옵니다.
superman님이 게임을 떠납니다.
superman님이 게임에 들어옵니다.
dream님이 게임에 들어옵니다.
cuchulainn님이 게임을 떠납니다.
pluto님이 게임에 들어옵니다.
ot출력 일시: 11-18-2021, 오후 8:48:37
gog님이 게임에 들어옵니다.
superman님이 게임에 들어옵니다.
superman님이 게임을 떠납니다.
superman님이 게임에 들어옵니다.
superman님이 게임을 떠납니다.
superman님이 게임에 들어옵니다.
dream님이 게임에 들어옵니다.
cuchulainn님이 게임을 떠납니다.
pluto님이 게임에 들어옵니다.
ot출력 일시: 11-18-2021, 오후 8:51:50
ot출력 일시: 11-18-2021, 오후 8:55:02
ot출력 일시: 11-18-2021, 오후 9:42:32
ot출력 일시: 11-18-2021, 오후 10:56:26
ot출력 일시: 11-19-2021, 오후 7:14:26
ot출력 일시: 11-19-2021, 오후 10:25:39
yamamoto님이 게임에 들어옵니다.
yamamoto님이 게임을 떠납니다.
yamamoto님이 게임에 들어옵니다.
yamamoto님이 게임을 떠납니다.
ot출력 일시: 11-19-2021, 오후 10:27:07
yamamoto님이 게임에 들어옵니다.
yamamoto님이 게임을 떠납니다.
yamamoto님이 게임에 들어옵니다.
yamamoto님이 게임을 떠납니다.
ot출력 일시: 11-19-2021, 오후 10:38:43
ot출력 일시: 11-19-2021, 오후 10:41:24
ot출력 일시: 11-19-2021, 오후 11:48:02
program님이 게임을 떠납니다.
ot출력 일시: 11-20-2021, 오전 12:42:51
cuchulainn님이 게임을 떠납니다.
cuchulainn님이 게임에 들어옵니다.
ot출력 일시: 11-20-2021, 오전 1:53:35
ot출력 일시: 11-20-2021, 오전 2:55:00
ot출력 일시: 11-20-2021, 오전 2:56:35
ot출력 일시: 11-20-2021, 오전 3:00:54
ot출력 일시: 11-20-2021, 오전 3:02:39
ot출력 일시: 11-20-2021, 오전 3:03:59
ot출력 일시: 11-20-2021, 오전 10:47:35
ot출력 일시: 11-20-2021, 오전 10:58:11
ot출력 일시: 11-20-2021, 오전 11:26:51
ot출력 일시: 11-20-2021, 오후 1:41:04
program님이 게임에 들어옵니다.
h님이 게임에 들어옵니다.
h님이 게임을 떠납니다.
gog님이 게임에 들어옵니다.
silver_wolf님이 게임에 들어옵니다.
ot출력 일시: 11-20-2021, 오후 5:51:27
ot출력 일시: 11-20-2021, 오후 10:31:50
ot출력 일시: 11-21-2021, 오전 12:34:45
ot출력 일시: 11-21-2021, 오전 11:21:52
ot출력 일시: 11-21-2021, 오전 11:22:00
ot출력 일시: 11-21-2021, 오후 4:04:43
ot출력 일시: 11-21-2021, 오후 4:04:52
ot출력 일시: 11-21-2021, 오후 6:16:01
ot출력 일시: 11-21-2021, 오후 6:38:45
goojoonpyo2382님이 게임에 들어옵니다.
yamamoto님이 게임에 들어옵니다.
ot출력 일시: 11-21-2021, 오후 7:04:40
ot출력 일시: 11-21-2021, 오후 9:53:15
goojoonpyo2382님이 게임을 떠납니다.
kid님이 게임을 떠납니다.
yamamoto님이 게임을 떠납니다.
yamamoto님이 게임에 들어옵니다.
kid님이 게임에 들어옵니다.
ot출력 일시: 11-22-2021, 오전 2:13:06
gog님이 게임을 떠납니다.
ot출력 일시: 11-22-2021, 오후 1:53:20
ot출력 일시: 11-22-2021, 오후 8:12:08
shield님이 게임에 들어옵니다.
silver_wolf님이 게임을 떠납니다.
silver_wolf님이 게임에 들어옵니다.
shield님이 게임을 떠납니다.
silver_wolf님이 게임을 떠납니다.
name_audio님이 게임에 들어옵니다.
kid님이 게임을 떠납니다.
ot출력 일시: 11-22-2021, 오후 8:53:47
ot출력 일시: 11-22-2021, 오후 9:02:58
ot출력 일시: 11-22-2021, 오후 9:13:45
ot출력 일시: 11-22-2021, 오후 10:20:53
ot출력 일시: 11-22-2021, 오후 10:29:13
ot출력 일시: 11-23-2021, 오전 1:08:04
ot출력 일시: 11-23-2021, 오전 1:13:23
ot출력 일시: 11-23-2021, 오전 1:22:53
ot출력 일시: 11-23-2021, 오전 1:43:46
ot출력 일시: 11-23-2021, 오전 2:06:09
ot출력 일시: 11-23-2021, 오전 2:07:54
ot출력 일시: 11-23-2021, 오전 2:10:58
ot출력 일시: 11-23-2021, 오전 2:16:59
ot출력 일시: 11-23-2021, 오전 2:32:15
ot출력 일시: 11-23-2021, 오전 2:37:11
ot출력 일시: 11-23-2021, 오전 2:42:44
ot출력 일시: 11-23-2021, 오전 2:45:28
ot출력 일시: 11-23-2021, 오전 2:55:53
ot출력 일시: 11-23-2021, 오전 2:56:32
ot출력 일시: 11-23-2021, 오전 3:57:59
ot출력 일시: 11-23-2021, 오후 1:10:30
ot출력 일시: 11-23-2021, 오후 1:29:03
ot출력 일시: 11-23-2021, 오후 1:31:15
ot출력 일시: 11-23-2021, 오후 1:33:54
ot출력 일시: 11-23-2021, 오후 1:38:06
ot출력 일시: 11-23-2021, 오후 1:39:19
ot출력 일시: 11-23-2021, 오후 1:47:05
ot출력 일시: 11-23-2021, 오후 1:53:02
ot출력 일시: 11-23-2021, 오후 2:08:04
ot출력 일시: 11-23-2021, 오후 2:09:06
ot출력 일시: 11-23-2021, 오후 2:09:19
ot출력 일시: 11-23-2021, 오후 6:04:40
ot출력 일시: 11-23-2021, 오후 6:06:07
ot출력 일시: 11-23-2021, 오후 6:08:45
ot출력 일시: 11-23-2021, 오후 6:09:25
ot출력 일시: 11-23-2021, 오후 6:15:45
ot출력 일시: 11-23-2021, 오후 6:16:47
ot출력 일시: 11-23-2021, 오후 6:19:20
ot출력 일시: 11-23-2021, 오후 6:20:51
ot출력 일시: 11-23-2021, 오후 6:32:55
ot출력 일시: 11-23-2021, 오후 6:37:27
ot출력 일시: 11-23-2021, 오후 6:40:32
ot출력 일시: 11-23-2021, 오후 6:41:55
ot출력 일시: 11-23-2021, 오후 6:48:17
ot출력 일시: 11-23-2021, 오후 6:49:48
irene님이 게임에 들어옵니다.
goojoonpyo2382님이 게임에 들어옵니다.
catball님이 게임에 들어옵니다.
ot출력 일시: 11-23-2021, 오후 7:08:56
irene님이 게임에 들어옵니다.
goojoonpyo2382님이 게임에 들어옵니다.
catball님이 게임에 들어옵니다.
silver_wolf님이 게임에 들어옵니다.
silver_wolf님이 게임을 떠납니다.
ot출력 일시: 11-23-2021, 오후 7:09:56
irene님이 게임에 들어옵니다.
goojoonpyo2382님이 게임에 들어옵니다.
catball님이 게임에 들어옵니다.
silver_wolf님이 게임에 들어옵니다.
silver_wolf님이 게임을 떠납니다.
ot출력 일시: 11-23-2021, 오후 7:15:52
irene님이 게임에 들어옵니다.
goojoonpyo2382님이 게임에 들어옵니다.
catball님이 게임에 들어옵니다.
silver_wolf님이 게임에 들어옵니다.
silver_wolf님이 게임을 떠납니다.
ot출력 일시: 11-23-2021, 오후 7:15:55
irene님이 게임에 들어옵니다.
goojoonpyo2382님이 게임에 들어옵니다.
catball님이 게임에 들어옵니다.
silver_wolf님이 게임에 들어옵니다.
silver_wolf님이 게임을 떠납니다.
ot출력 일시: 11-23-2021, 오후 7:39:02
ot출력 일시: 11-23-2021, 오후 7:59:01
gog님이 게임을 떠납니다.
gog님이 게임에 들어옵니다.
ot출력 일시: 11-23-2021, 오후 8:32:46
ot출력 일시: 11-23-2021, 오후 9:07:29
program님이 게임에 들어옵니다.
program님이 게임을 떠납니다.
program님이 게임에 들어옵니다.
program님이 게임을 떠납니다.
program님이 게임에 들어옵니다.
silver_wolf님이 게임에 들어옵니다.
kid님이 게임에 들어옵니다.
program님이 게임을 떠납니다.
program님이 게임에 들어옵니다.
program님이 게임을 떠납니다.
program님이 게임에 들어옵니다.
program님이 게임을 떠납니다.
silver_wolf님이 게임을 떠납니다.
kid님이 게임을 떠납니다.
ot출력 일시: 11-23-2021, 오후 11:03:56
program님이 게임을 떠납니다.
gog님이 게임을 떠납니다.
jaeseonsong님이 게임에 들어옵니다.
kid님이 게임에 들어옵니다.
shield님이 게임에 들어옵니다.
orange_pie님이 게임에 들어옵니다.
jaeseonsong님이 게임을 떠납니다.
gog님이 게임에 들어옵니다.
kid님이 게임을 떠납니다.
ot출력 일시: 11-24-2021, 오후 11:33:50
ot출력 일시: 11-25-2021, 오전 2:35:28
ot출력 일시: 11-25-2021, 오전 11:59:53
ot출력 일시: 11-25-2021, 오후 12:03:41
ot출력 일시: 11-25-2021, 오후 8:06:12
ot출력 일시: 11-25-2021, 오후 8:23:00
ot출력 일시: 11-25-2021, 오후 8:48:52
goojoonpyo2382님이 게임에 들어옵니다.
ot출력 일시: 11-25-2021, 오후 8:51:41
goojoonpyo2382님이 게임에 들어옵니다.
ot출력 일시: 11-25-2021, 오후 8:52:08
goojoonpyo2382님이 게임에 들어옵니다.
ot출력 일시: 11-25-2021, 오후 9:48:37
goojoonpyo2382님이 게임을 떠납니다.
program님이 게임에 들어옵니다.
program님이 게임을 떠납니다.
dream님이 게임을 떠납니다.
ot출력 일시: 11-25-2021, 오후 11:11:26
ot출력 일시: 11-25-2021, 오후 11:11:43
ot출력 일시: 11-26-2021, 오후 7:47:04
ot출력 일시: 11-26-2021, 오후 7:47:23
ot출력 일시: 11-26-2021, 오후 8:17:57
ot출력 일시: 11-26-2021, 오후 8:18:13
ot출력 일시: 11-27-2021, 오전 12:01:22
ot출력 일시: 11-27-2021, 오후 1:54:43
ot출력 일시: 11-27-2021, 오후 6:24:27
ot출력 일시: 11-27-2021, 오후 11:49:30
dream님이 게임에 들어옵니다.
silver_wolf님이 게임에 들어옵니다.
program님이 게임에 들어옵니다.
dream님이 게임을 떠납니다.
dream님이 게임에 들어옵니다.
h님이 게임에 들어옵니다.
free님이 게임에 들어옵니다.
yamamoto님이 게임에 들어옵니다.
sky님이 게임을 떠납니다.
sky님이 게임에 들어옵니다.
sky님이 게임을 떠납니다.
program님이 게임을 떠납니다.
program님이 게임에 들어옵니다.
sky님이 게임에 들어옵니다.
goojoonpyo2382님이 게임에 들어옵니다.
gog님이 게임에 들어옵니다.
h님이 게임을 떠납니다.
h님이 게임에 들어옵니다.
silver_wolf님이 게임을 떠납니다.
libera님이 게임에 들어옵니다.
gamehan님이 게임에 들어옵니다.
goojoonpyo2382님이 게임을 떠납니다.
goojoonpyo2382님이 게임에 들어옵니다.
libera님이 게임을 떠납니다.
silver_wolf님이 게임에 들어옵니다.
sky님이 게임을 떠납니다.
sky님이 게임에 들어옵니다.
silver_wolf님이 게임을 떠납니다.
libera님이 게임에 들어옵니다.
yamamoto님이 게임을 떠납니다.
yamamoto님이 게임에 들어옵니다.
h님이 게임을 떠납니다.
h님이 게임에 들어옵니다.
libera님이 게임을 떠납니다.
silver_wolf님이 게임에 들어옵니다.
silver_wolf님이 게임을 떠납니다.
libera님이 게임에 들어옵니다.
libera님이 게임을 떠납니다.
libera님이 게임에 들어옵니다.
libera님이 게임을 떠납니다.
silver_wolf님이 게임에 들어옵니다.
gamehan님이 게임을 떠납니다.
cuchulainn님이 게임에 들어옵니다.
program님이 게임을 떠납니다.
program님이 게임에 들어옵니다.
program님이 게임을 떠납니다.
yamamoto님이 게임을 떠납니다.
goojoonpyo2382님이 게임을 떠납니다.
sky님이 게임을 떠납니다.
dream님이 게임을 떠납니다.
cuchulainn님이 게임을 떠납니다.
ot출력 일시: 11-28-2021, 오전 12:25:27
ot출력 일시: 11-28-2021, 오전 2:46:39
ot출력 일시: 11-28-2021, 오후 4:18:11
ot출력 일시: 11-29-2021, 오후 9:54:12
ot출력 일시: 11-30-2021, 오전 11:14:29
ot출력 일시: 11-30-2021, 오후 5:16:58
ot출력 일시: 11-30-2021, 오후 5:19:16
ot출력 일시: 11-30-2021, 오후 5:19:32
ot출력 일시: 11-30-2021, 오후 6:40:17
ot출력 일시: 11-30-2021, 오후 6:41:23
ot출력 일시: 11-30-2021, 오후 6:43:55
kid님이 게임을 떠납니다.
ot출력 일시: 11-30-2021, 오후 6:59:28
kid님이 게임을 떠납니다.
ot출력 일시: 11-30-2021, 오후 7:40:32
ot출력 일시: 11-30-2021, 오후 7:41:03
ot출력 일시: 11-30-2021, 오후 9:33:49
ot출력 일시: 11-30-2021, 오후 9:33:58
ot출력 일시: 11-30-2021, 오후 10:20:13
ot출력 일시: 11-30-2021, 오후 10:20:28
ot출력 일시: 12-1-2021, 오전 1:29:33
ot출력 일시: 12-1-2021, 오전 1:29:43
ot출력 일시: 12-1-2021, 오후 2:45:15
ot출력 일시: 12-1-2021, 오후 2:45:20
ot출력 일시: 12-1-2021, 오후 10:59:07
gog님이 게임을 떠납니다.
jss님이 게임에 들어옵니다.
jss님이 게임을 떠납니다.
gog님이 게임에 들어옵니다.
cuchulainn님이 게임을 떠납니다.
program님이 게임을 떠납니다.
kid님이 게임을 떠납니다.
ot출력 일시: 12-1-2021, 오후 10:59:26
gog님이 게임을 떠납니다.
jss님이 게임에 들어옵니다.
jss님이 게임을 떠납니다.
gog님이 게임에 들어옵니다.
cuchulainn님이 게임을 떠납니다.
program님이 게임을 떠납니다.
kid님이 게임을 떠납니다.
ot출력 일시: 12-2-2021, 오전 12:25:06
ot출력 일시: 12-2-2021, 오전 12:31:24
ot출력 일시: 12-2-2021, 오전 12:39:41
ot출력 일시: 12-2-2021, 오전 12:56:00
ot출력 일시: 12-2-2021, 오전 1:35:51
ot출력 일시: 12-2-2021, 오후 3:15:59
ot출력 일시: 12-2-2021, 오후 6:16:06
ot출력 일시: 12-2-2021, 오후 7:35:55
ot출력 일시: 12-2-2021, 오후 9:30:11
ot출력 일시: 12-2-2021, 오후 9:30:24
ot출력 일시: 12-2-2021, 오후 10:25:52
ot출력 일시: 12-2-2021, 오후 10:40:39
h님이 게임을 떠납니다.
ot출력 일시: 12-3-2021, 오후 1:55:13
ot출력 일시: 12-3-2021, 오후 5:06:53
ot출력 일시: 12-3-2021, 오후 5:14:37
ot출력 일시: 12-3-2021, 오후 5:57:41
ot출력 일시: 12-3-2021, 오후 6:00:37
ot출력 일시: 12-3-2021, 오후 8:03:23
program님이 게임에 들어옵니다.
h님이 게임에 들어옵니다.
goojoonpyo2382님이 게임에 들어옵니다.
goojoonpyo2382님이 게임을 떠납니다.
h님이 게임을 떠납니다.
h님이 게임에 들어옵니다.
h님이 게임을 떠납니다.
goojoonpyo2382님이 게임에 들어옵니다.
h님이 게임에 들어옵니다.
ot출력 일시: 12-3-2021, 오후 8:15:32
goojoonpyo2382님이 게임에 들어옵니다.
kid님이 게임에 들어옵니다.
ot출력 일시: 12-3-2021, 오후 9:07:51
cuchulainn님이 게임에 들어옵니다.
ot출력 일시: 12-3-2021, 오후 9:13:30
ot출력 일시: 12-3-2021, 오후 9:15:53
ot출력 일시: 12-3-2021, 오후 10:08:29
gog님이 게임을 떠납니다.
jss님이 게임에 들어옵니다.
program님이 게임을 떠납니다.
jss님이 게임을 떠납니다.
gog님이 게임에 들어옵니다.
program님이 게임에 들어옵니다.
gog님이 게임을 떠납니다.
jss님이 게임에 들어옵니다.
ot출력 일시: 12-3-2021, 오후 10:10:01
gog님이 게임을 떠납니다.
jss님이 게임에 들어옵니다.
program님이 게임을 떠납니다.
jss님이 게임을 떠납니다.
gog님이 게임에 들어옵니다.
program님이 게임에 들어옵니다.
gog님이 게임을 떠납니다.
jss님이 게임에 들어옵니다.
ot출력 일시: 12-3-2021, 오후 10:23:21
gog님이 게임을 떠납니다.
jss님이 게임에 들어옵니다.
program님이 게임을 떠납니다.
jss님이 게임을 떠납니다.
gog님이 게임에 들어옵니다.
program님이 게임에 들어옵니다.
gog님이 게임을 떠납니다.
jss님이 게임에 들어옵니다.
ot출력 일시: 12-3-2021, 오후 10:32:21
gog님이 게임을 떠납니다.
jss님이 게임에 들어옵니다.
program님이 게임을 떠납니다.
jss님이 게임을 떠납니다.
gog님이 게임에 들어옵니다.
program님이 게임에 들어옵니다.
gog님이 게임을 떠납니다.
jss님이 게임에 들어옵니다.
ot출력 일시: 12-3-2021, 오후 11:30:35
ot출력 일시: 12-3-2021, 오후 11:47:47
ot출력 일시: 12-4-2021, 오전 12:09:34
gog님이 게임을 떠납니다.
gog님이 게임에 들어옵니다.
ot출력 일시: 12-4-2021, 오후 10:04:16
ot출력 일시: 12-4-2021, 오후 10:36:12
gog님이 게임에 들어옵니다.
shield님이 게임에 들어옵니다.
ot출력 일시: 12-5-2021, 오전 1:26:31
ot출력 일시: 12-5-2021, 오전 1:33:56
ot출력 일시: 12-5-2021, 오전 1:34:49
ot출력 일시: 12-5-2021, 오전 1:35:44
ot출력 일시: 12-5-2021, 오전 1:37:42
ot출력 일시: 12-5-2021, 오전 1:38:34
ot출력 일시: 12-5-2021, 오전 2:25:38
cuchulainn님이 게임에 들어옵니다.
cuchulainn님이 게임을 떠납니다.
ot출력 일시: 12-5-2021, 오후 2:17:34
dream님이 게임에 들어옵니다.
kid님이 게임에 들어옵니다.
sky님이 게임에 들어옵니다.
shield님이 게임에 들어옵니다.
ot출력 일시: 12-5-2021, 오후 2:23:03
ot출력 일시: 12-5-2021, 오후 2:24:14
ot출력 일시: 12-5-2021, 오후 2:28:15
ot출력 일시: 12-5-2021, 오후 2:30:01
ot출력 일시: 12-5-2021, 오후 8:26:26
ot출력 일시: 12-5-2021, 오후 8:27:49
gog님이 게임을 떠납니다.
gog님이 게임에 들어옵니다.
ot출력 일시: 12-5-2021, 오후 8:29:18
gog님이 게임을 떠납니다.
gog님이 게임에 들어옵니다.
kid님이 게임을 떠납니다.
ot출력 일시: 12-5-2021, 오후 8:32:11
gog님이 게임을 떠납니다.
gog님이 게임에 들어옵니다.
kid님이 게임을 떠납니다.
ot출력 일시: 12-5-2021, 오후 9:15:33
ot출력 일시: 12-5-2021, 오후 9:18:45
ot출력 일시: 12-5-2021, 오후 10:31:19
program님이 게임에 들어옵니다.
libera님이 게임에 들어옵니다.
goojoonpyo2382님이 게임에 들어옵니다.
libera님이 게임을 떠납니다.
libera님이 게임에 들어옵니다.
program님이 게임을 떠납니다.
gog님이 게임을 떠납니다.
gog님이 게임에 들어옵니다.
gog님이 게임을 떠납니다.
gog님이 게임에 들어옵니다.
goojoonpyo2382님이 게임을 떠납니다.
gog님이 게임을 떠납니다.
jss님이 게임에 들어옵니다.
jss님이 게임을 떠납니다.
gog님이 게임에 들어옵니다.
joobi님이 게임에 들어옵니다.
libera님이 게임을 떠납니다.
libera님이 게임에 들어옵니다.
joobi님이 게임을 떠납니다.
joobi님이 게임에 들어옵니다.
ot출력 일시: 12-5-2021, 오후 11:05:18
ot출력 일시: 12-5-2021, 오후 11:07:21
ot출력 일시: 12-5-2021, 오후 11:08:52
ot출력 일시: 12-5-2021, 오후 11:14:37
ot출력 일시: 12-5-2021, 오후 11:14:42
ot출력 일시: 12-5-2021, 오후 11:48:48
ot출력 일시: 12-6-2021, 오전 12:19:09
ot출력 일시: 12-6-2021, 오전 12:24:28
ot출력 일시: 12-6-2021, 오전 12:53:02
ot출력 일시: 12-6-2021, 오후 6:18:42
ot출력 일시: 12-6-2021, 오후 6:19:12
ot출력 일시: 12-6-2021, 오후 6:19:16
ot출력 일시: 12-6-2021, 오후 6:42:14
ot출력 일시: 12-6-2021, 오후 6:54:20
ot출력 일시: 12-6-2021, 오후 7:15:49
ot출력 일시: 12-6-2021, 오후 7:17:18
ot출력 일시: 12-6-2021, 오후 8:06:53
joobi님이 게임에 들어옵니다.
ot출력 일시: 12-6-2021, 오후 10:50:36
ot출력 일시: 12-6-2021, 오후 10:53:05
ot출력 일시: 12-6-2021, 오후 10:56:07
ot출력 일시: 12-6-2021, 오후 10:58:55
ot출력 일시: 12-6-2021, 오후 11:03:26
ot출력 일시: 12-6-2021, 오후 11:05:38
ot출력 일시: 12-6-2021, 오후 11:11:06
ot출력 일시: 12-6-2021, 오후 11:19:03
ot출력 일시: 12-6-2021, 오후 11:57:46
ot출력 일시: 12-7-2021, 오전 12:46:55
ot출력 일시: 12-7-2021, 오전 1:12:02
ot출력 일시: 12-7-2021, 오전 1:19:15
ot출력 일시: 12-7-2021, 오전 1:20:28
ot출력 일시: 12-7-2021, 오전 1:23:13
ot출력 일시: 12-7-2021, 오전 1:27:50
ot출력 일시: 12-7-2021, 오전 1:35:28
ot출력 일시: 12-7-2021, 오전 1:36:33
ot출력 일시: 12-7-2021, 오전 1:41:54
ot출력 일시: 12-7-2021, 오전 1:46:22
ot출력 일시: 12-7-2021, 오전 10:16:11
ot출력 일시: 12-7-2021, 오전 10:19:12
ot출력 일시: 12-7-2021, 오전 10:21:36
ot출력 일시: 12-7-2021, 오전 10:28:47
ot출력 일시: 12-7-2021, 오전 11:07:37
ot출력 일시: 12-7-2021, 오후 12:02:13
ot출력 일시: 12-7-2021, 오후 12:17:52
ot출력 일시: 12-7-2021, 오후 2:05:28
goojoonpyo2382님이 게임을 떠납니다.
ot출력 일시: 12-7-2021, 오후 4:58:56
ot출력 일시: 12-7-2021, 오후 5:26:48
ot출력 일시: 12-7-2021, 오후 5:27:04
ot출력 일시: 12-7-2021, 오후 5:43:44
ot출력 일시: 12-7-2021, 오후 6:22:27
kid님이 게임에 들어옵니다.
libera님이 게임을 떠납니다.
ot출력 일시: 12-7-2021, 오후 6:41:42
ot출력 일시: 12-7-2021, 오후 7:18:20
orange_pie님이 게임에 들어옵니다.
ot출력 일시: 12-7-2021, 오후 7:20:39
ot출력 일시: 12-7-2021, 오후 8:01:44
libera님이 게임을 떠납니다.
dream님이 게임에 들어옵니다.
kid님이 게임을 떠납니다.
libera님이 게임에 들어옵니다.
kid님이 게임에 들어옵니다.
libera님이 게임을 떠납니다.
libera님이 게임에 들어옵니다.
orange_pie님이 게임에 들어옵니다.
goojoonpyo2382님이 게임에 들어옵니다.
ot출력 일시: 12-7-2021, 오후 8:27:08
ot출력 일시: 12-7-2021, 오후 8:29:52
ot출력 일시: 12-7-2021, 오후 8:33:42
ot출력 일시: 12-7-2021, 오후 8:34:56
ot출력 일시: 12-7-2021, 오후 8:47:04
ot출력 일시: 12-7-2021, 오후 8:47:33
ot출력 일시: 12-7-2021, 오후 8:49:30
ot출력 일시: 12-7-2021, 오후 9:02:04
ot출력 일시: 12-7-2021, 오후 9:18:31
ot출력 일시: 12-7-2021, 오후 9:22:50
ot출력 일시: 12-7-2021, 오후 9:33:51
libera님이 게임을 떠납니다.
ot출력 일시: 12-7-2021, 오후 11:03:16
libera님이 게임을 떠납니다.
libera님이 게임에 들어옵니다.
dream님이 게임을 떠납니다.
libera님이 게임을 떠납니다.
gog님이 게임에 들어옵니다.
shield님이 게임에 들어옵니다.
ot출력 일시: 12-7-2021, 오후 11:15:32
libera님이 게임을 떠납니다.
libera님이 게임에 들어옵니다.
dream님이 게임을 떠납니다.
libera님이 게임을 떠납니다.
gog님이 게임에 들어옵니다.
shield님이 게임에 들어옵니다.
ot출력 일시: 12-8-2021, 오전 12:26:33
libera님이 게임을 떠납니다.
libera님이 게임에 들어옵니다.
dream님이 게임을 떠납니다.
libera님이 게임을 떠납니다.
gog님이 게임에 들어옵니다.
shield님이 게임에 들어옵니다.
shield님이 게임을 떠납니다.
kid님이 게임을 떠납니다.
gog님이 게임을 떠납니다.
ot출력 일시: 12-8-2021, 오전 2:08:01
ot출력 일시: 12-8-2021, 오전 2:08:39
ot출력 일시: 12-8-2021, 오전 2:10:29
ot출력 일시: 12-8-2021, 오전 2:17:47
ot출력 일시: 12-8-2021, 오전 2:18:01
ot출력 일시: 12-8-2021, 오전 2:21:34
ot출력 일시: 12-8-2021, 오후 1:59:07
ot출력 일시: 12-8-2021, 오후 2:00:34
ot출력 일시: 12-8-2021, 오후 2:01:04
ot출력 일시: 12-8-2021, 오후 2:12:22
ot출력 일시: 12-8-2021, 오후 3:07:34
ot출력 일시: 12-8-2021, 오후 3:46:12
ot출력 일시: 12-8-2021, 오후 4:06:11
ot출력 일시: 12-8-2021, 오후 4:34:02
program님이 게임에 들어옵니다.
kid님이 게임에 들어옵니다.
ot출력 일시: 12-8-2021, 오후 5:05:33
program님이 게임에 들어옵니다.
kid님이 게임에 들어옵니다.
program님이 게임을 떠납니다.
program님이 게임에 들어옵니다.
program님이 게임을 떠납니다.
program님이 게임에 들어옵니다.
kid님이 게임을 떠납니다.
kid님이 게임에 들어옵니다.
program님이 게임을 떠납니다.
program님이 게임에 들어옵니다.
ot출력 일시: 12-8-2021, 오후 5:20:09
ot출력 일시: 12-8-2021, 오후 5:23:06
ot출력 일시: 12-8-2021, 오후 5:24:46
ot출력 일시: 12-8-2021, 오후 5:26:43
ot출력 일시: 12-8-2021, 오후 5:31:48
ot출력 일시: 12-8-2021, 오후 5:35:45
ot출력 일시: 12-8-2021, 오후 5:36:19
ot출력 일시: 12-8-2021, 오후 5:37:40
ot출력 일시: 12-8-2021, 오후 5:55:29
program님이 게임을 떠납니다.
kid님이 게임을 떠납니다.
libera님이 게임에 들어옵니다.
libera님이 게임을 떠납니다.
goojoonpyo2382님이 게임에 들어옵니다.
ot출력 일시: 12-8-2021, 오후 5:55:51
program님이 게임을 떠납니다.
kid님이 게임을 떠납니다.
libera님이 게임에 들어옵니다.
libera님이 게임을 떠납니다.
goojoonpyo2382님이 게임에 들어옵니다.
ot출력 일시: 12-8-2021, 오후 6:11:56
program님이 게임을 떠납니다.
kid님이 게임을 떠납니다.
libera님이 게임에 들어옵니다.
libera님이 게임을 떠납니다.
goojoonpyo2382님이 게임에 들어옵니다.
goojoonpyo2382님이 게임을 떠납니다.
ot출력 일시: 12-8-2021, 오후 6:15:21
ot출력 일시: 12-8-2021, 오후 6:27:04
ot출력 일시: 12-8-2021, 오후 6:29:25
shield님이 게임에 들어옵니다.
ot출력 일시: 12-8-2021, 오후 6:39:44
shield님이 게임에 들어옵니다.
ot출력 일시: 12-8-2021, 오후 7:27:48
ot출력 일시: 12-8-2021, 오후 7:44:05
goojoonpyo2382님이 게임에 들어옵니다.
goojoonpyo2382님이 게임을 떠납니다.
ot출력 일시: 12-8-2021, 오후 7:44:27
goojoonpyo2382님이 게임에 들어옵니다.
goojoonpyo2382님이 게임을 떠납니다.
ot출력 일시: 12-8-2021, 오후 7:44:53
goojoonpyo2382님이 게임에 들어옵니다.
goojoonpyo2382님이 게임을 떠납니다.
ot출력 일시: 12-8-2021, 오후 7:56:39
goojoonpyo2382님이 게임에 들어옵니다.
goojoonpyo2382님이 게임을 떠납니다.
ot출력 일시: 12-8-2021, 오후 8:13:51
ot출력 일시: 12-8-2021, 오후 8:16:21
ot출력 일시: 12-8-2021, 오후 8:40:13
ot출력 일시: 12-8-2021, 오후 9:26:31
libera님이 게임에 들어옵니다.
ot출력 일시: 12-8-2021, 오후 10:12:38
libera님이 게임에 들어옵니다.
dream님이 게임을 떠납니다.
dream님이 게임에 들어옵니다.
milk님이 게임에 들어옵니다.
milk님이 게임을 떠납니다.
milk님이 게임에 들어옵니다.
milk님이 게임을 떠납니다.
milk님이 게임에 들어옵니다.
milk님이 게임을 떠납니다.
qhfqkfrkstkcnsrl95님이 게임에 들어옵니다.
cuchulainn님이 게임에 들어옵니다.
ot출력 일시: 12-8-2021, 오후 10:13:24
libera님이 게임에 들어옵니다.
dream님이 게임을 떠납니다.
dream님이 게임에 들어옵니다.
milk님이 게임에 들어옵니다.
milk님이 게임을 떠납니다.
milk님이 게임에 들어옵니다.
milk님이 게임을 떠납니다.
milk님이 게임에 들어옵니다.
milk님이 게임을 떠납니다.
qhfqkfrkstkcnsrl95님이 게임에 들어옵니다.
cuchulainn님이 게임에 들어옵니다.
ot출력 일시: 12-8-2021, 오후 11:04:05
libera님이 게임에 들어옵니다.
dream님이 게임을 떠납니다.
dream님이 게임에 들어옵니다.
milk님이 게임에 들어옵니다.
milk님이 게임을 떠납니다.
milk님이 게임에 들어옵니다.
milk님이 게임을 떠납니다.
milk님이 게임에 들어옵니다.
milk님이 게임을 떠납니다.
qhfqkfrkstkcnsrl95님이 게임에 들어옵니다.
cuchulainn님이 게임에 들어옵니다.
qhfqkfrkstkcnsrl95님이 게임을 떠납니다.
qhfqkfrkstkcnsrl95님이 게임에 들어옵니다.
cuchulainn님이 게임을 떠납니다.
cuchulainn님이 게임에 들어옵니다.
kid님이 게임을 떠납니다.
dream님이 게임을 떠납니다.
ot출력 일시: 12-8-2021, 오후 11:07:07
ot출력 일시: 12-8-2021, 오후 11:19:19
shield님이 게임에 들어옵니다.
ot출력 일시: 12-8-2021, 오후 11:44:08
ot출력 일시: 12-8-2021, 오후 11:45:30
ot출력 일시: 12-8-2021, 오후 11:47:48
ot출력 일시: 12-8-2021, 오후 11:55:22
ot출력 일시: 12-9-2021, 오전 12:10:11
qhfqkfrkstkcnsrl95님이 게임을 떠납니다.
qhfqkfrkstkcnsrl95님이 게임에 들어옵니다.
ot출력 일시: 12-9-2021, 오전 12:16:43
ot출력 일시: 12-9-2021, 오전 12:17:25
ot출력 일시: 12-9-2021, 오전 12:20:47
ot출력 일시: 12-9-2021, 오전 10:15:29
qhfqkfrkstkcnsrl95님이 게임을 떠납니다.
qhfqkfrkstkcnsrl95님이 게임에 들어옵니다.
qhfqkfrkstkcnsrl95님이 게임을 떠납니다.
qhfqkfrkstkcnsrl95님이 게임에 들어옵니다.
qhfqkfrkstkcnsrl95님이 게임을 떠납니다.
cuchulainn님이 게임을 떠납니다.
qhfqkfrkstkcnsrl95님이 게임에 들어옵니다.
cuchulainn님이 게임에 들어옵니다.
qhfqkfrkstkcnsrl95님이 게임을 떠납니다.
qhfqkfrkstkcnsrl95님이 게임에 들어옵니다.
qhfqkfrkstkcnsrl95님이 게임을 떠납니다.
qhfqkfrkstkcnsrl95님이 게임에 들어옵니다.
qhfqkfrkstkcnsrl95님이 게임을 떠납니다.
qhfqkfrkstkcnsrl95님이 게임에 들어옵니다.
qhfqkfrkstkcnsrl95님이 게임을 떠납니다.
qhfqkfrkstkcnsrl95님이 게임에 들어옵니다.
qhfqkfrkstkcnsrl95님이 게임을 떠납니다.
qhfqkfrkstkcnsrl95님이 게임에 들어옵니다.
gog님이 게임을 떠납니다.
cuchulainn님이 게임을 떠납니다.
cuchulainn님이 게임에 들어옵니다.
qhfqkfrkstkcnsrl95님이 게임을 떠납니다.
qhfqkfrkstkcnsrl95님이 게임에 들어옵니다.
qhfqkfrkstkcnsrl95님이 게임을 떠납니다.
cuchulainn님이 게임을 떠납니다.
ot출력 일시: 12-9-2021, 오후 1:52:49
ot출력 일시: 12-9-2021, 오후 1:57:48
ot출력 일시: 12-9-2021, 오후 3:33:38
h님이 게임에 들어옵니다.
shield님이 게임에 들어옵니다.
h님이 게임을 떠납니다.
shield님이 게임을 떠납니다.
ot출력 일시: 12-9-2021, 오후 5:17:53
ot출력 일시: 12-9-2021, 오후 5:19:31
ot출력 일시: 12-9-2021, 오후 5:19:53
ot출력 일시: 12-9-2021, 오후 5:28:13
shield님이 게임을 떠납니다.
ot출력 일시: 12-9-2021, 오후 5:57:24
goojoonpyo2382님이 게임에 들어옵니다.
kid님이 게임에 들어옵니다.
kid님이 게임을 떠납니다.
libera님이 게임을 떠납니다.
ot출력 일시: 12-9-2021, 오후 5:58:46
ot출력 일시: 12-9-2021, 오후 6:00:02
ot출력 일시: 12-9-2021, 오후 6:09:55
ot출력 일시: 12-9-2021, 오후 6:23:45
ot출력 일시: 12-9-2021, 오후 6:28:16
ot출력 일시: 12-9-2021, 오후 6:37:46
ot출력 일시: 12-9-2021, 오후 7:23:43
jss님이 게임을 떠납니다.
jss님이 게임에 들어옵니다.
jss님이 게임을 떠납니다.
gog님이 게임에 들어옵니다.
kid님이 게임에 들어옵니다.
shield님이 게임을 떠납니다.
ot출력 일시: 12-9-2021, 오후 8:01:31
program님이 게임에 들어옵니다.
ot출력 일시: 12-9-2021, 오후 8:57:03
kid님이 게임을 떠납니다.
program님이 게임을 떠납니다.
program님이 게임에 들어옵니다.
ot출력 일시: 12-9-2021, 오후 9:02:01
kid님이 게임에 들어옵니다.
ot출력 일시: 12-9-2021, 오후 9:16:18
dream님이 게임에 들어옵니다.
ot출력 일시: 12-9-2021, 오후 9:31:40
libera님이 게임을 떠납니다.
gog님이 게임을 떠납니다.
dream님이 게임을 떠납니다.
kid님이 게임을 떠납니다.
program님이 게임을 떠납니다.
ot출력 일시: 12-9-2021, 오후 10:11:11
libera님이 게임을 떠납니다.
gog님이 게임을 떠납니다.
dream님이 게임을 떠납니다.
kid님이 게임을 떠납니다.
program님이 게임을 떠납니다.
dream님이 게임에 들어옵니다.
kid님이 게임에 들어옵니다.
libera님이 게임에 들어옵니다.
gog님이 게임에 들어옵니다.
program님이 게임에 들어옵니다.
shield님이 게임에 들어옵니다.
dream님이 게임을 떠납니다.
program님이 게임을 떠납니다.
program님이 게임에 들어옵니다.
program님이 게임을 떠납니다.
ot출력 일시: 12-9-2021, 오후 10:32:25
libera님이 게임을 떠납니다.
gog님이 게임을 떠납니다.
dream님이 게임을 떠납니다.
kid님이 게임을 떠납니다.
program님이 게임을 떠납니다.
dream님이 게임에 들어옵니다.
kid님이 게임에 들어옵니다.
libera님이 게임에 들어옵니다.
gog님이 게임에 들어옵니다.
program님이 게임에 들어옵니다.
shield님이 게임에 들어옵니다.
dream님이 게임을 떠납니다.
program님이 게임을 떠납니다.
program님이 게임에 들어옵니다.
program님이 게임을 떠납니다.
ot출력 일시: 12-9-2021, 오후 10:32:48
libera님이 게임을 떠납니다.
gog님이 게임을 떠납니다.
dream님이 게임을 떠납니다.
kid님이 게임을 떠납니다.
program님이 게임을 떠납니다.
dream님이 게임에 들어옵니다.
kid님이 게임에 들어옵니다.
libera님이 게임에 들어옵니다.
gog님이 게임에 들어옵니다.
program님이 게임에 들어옵니다.
shield님이 게임에 들어옵니다.
dream님이 게임을 떠납니다.
program님이 게임을 떠납니다.
program님이 게임에 들어옵니다.
program님이 게임을 떠납니다.
ot출력 일시: 12-9-2021, 오후 11:14:59
libera님이 게임을 떠납니다.
gog님이 게임을 떠납니다.
dream님이 게임을 떠납니다.
kid님이 게임을 떠납니다.
program님이 게임을 떠납니다.
dream님이 게임에 들어옵니다.
kid님이 게임에 들어옵니다.
libera님이 게임에 들어옵니다.
gog님이 게임에 들어옵니다.
program님이 게임에 들어옵니다.
shield님이 게임에 들어옵니다.
dream님이 게임을 떠납니다.
program님이 게임을 떠납니다.
program님이 게임에 들어옵니다.
program님이 게임을 떠납니다.
shield님이 게임을 떠납니다.
kid님이 게임을 떠납니다.
ot출력 일시: 12-10-2021, 오전 12:47:34
ot출력 일시: 12-10-2021, 오전 1:06:48
ot출력 일시: 12-10-2021, 오전 1:07:31
ot출력 일시: 12-10-2021, 오전 1:08:38
ot출력 일시: 12-10-2021, 오전 1:11:52
ot출력 일시: 12-10-2021, 오전 11:46:18
ot출력 일시: 12-10-2021, 오전 11:57:24
ot출력 일시: 12-10-2021, 오전 11:59:39
ot출력 일시: 12-10-2021, 오후 2:02:29
ot출력 일시: 12-10-2021, 오후 2:15:31
ot출력 일시: 12-10-2021, 오후 3:03:16
ot출력 일시: 12-10-2021, 오후 3:06:44
ot출력 일시: 12-10-2021, 오후 3:09:34
ot출력 일시: 12-10-2021, 오후 3:14:46
ot출력 일시: 12-10-2021, 오후 3:17:41
ot출력 일시: 12-10-2021, 오후 3:21:19
ot출력 일시: 12-10-2021, 오후 3:27:59
ot출력 일시: 12-10-2021, 오후 4:01:55
ot출력 일시: 12-10-2021, 오후 5:36:52
ot출력 일시: 12-10-2021, 오후 5:38:13
ot출력 일시: 12-10-2021, 오후 5:44:32
ot출력 일시: 12-10-2021, 오후 5:46:43
ot출력 일시: 12-10-2021, 오후 5:48:41
ot출력 일시: 12-10-2021, 오후 6:19:24
ot출력 일시: 12-10-2021, 오후 7:27:27
ot출력 일시: 12-10-2021, 오후 7:33:01
ot출력 일시: 12-10-2021, 오후 8:26:08
orange_pie님이 게임에 들어옵니다.
gog님이 게임에 들어옵니다.
libera님이 게임을 떠납니다.
sky님이 게임에 들어옵니다.
sky님이 게임을 떠납니다.
libera님이 게임에 들어옵니다.
sky님이 게임에 들어옵니다.
sky님이 게임을 떠납니다.
shield님이 게임에 들어옵니다.
orange_pie님이 게임을 떠납니다.
orange_pie님이 게임에 들어옵니다.
kid님이 게임을 떠납니다.
kid님이 게임에 들어옵니다.
program님이 게임에 들어옵니다.
kt9020님이 게임에 들어옵니다.
program님이 게임을 떠납니다.
program님이 게임에 들어옵니다.
ot출력 일시: 12-11-2021, 오전 12:10:21
orange_pie님이 게임에 들어옵니다.
gog님이 게임에 들어옵니다.
libera님이 게임을 떠납니다.
sky님이 게임에 들어옵니다.
sky님이 게임을 떠납니다.
libera님이 게임에 들어옵니다.
sky님이 게임에 들어옵니다.
sky님이 게임을 떠납니다.
shield님이 게임에 들어옵니다.
orange_pie님이 게임을 떠납니다.
orange_pie님이 게임에 들어옵니다.
kid님이 게임을 떠납니다.
kid님이 게임에 들어옵니다.
program님이 게임에 들어옵니다.
kt9020님이 게임에 들어옵니다.
program님이 게임을 떠납니다.
program님이 게임에 들어옵니다.
sky님이 게임에 들어옵니다.
program님이 게임을 떠납니다.
program님이 게임에 들어옵니다.
shield님이 게임을 떠납니다.
kid님이 게임을 떠납니다.
goojoonpyo2382님이 게임에 들어옵니다.
kid님이 게임에 들어옵니다.
kid님이 게임을 떠납니다.
program님이 게임을 떠납니다.
sky님이 게임을 떠납니다.
program님이 게임에 들어옵니다.
program님이 게임을 떠납니다.
shield님이 게임에 들어옵니다.
libera님이 게임을 떠납니다.
yamamoto님이 게임에 들어옵니다.
yamamoto님이 게임을 떠납니다.
yamamoto님이 게임에 들어옵니다.
yamamoto님이 게임을 떠납니다.
goojoonpyo2382님이 게임을 떠납니다.
shield님이 게임을 떠납니다.
orange_pie님이 게임을 떠납니다.
libera님이 게임에 들어옵니다.
libera님이 게임을 떠납니다.
kt9020님이 게임을 떠납니다.
kt9020님이 게임에 들어옵니다.
libera님이 게임에 들어옵니다.
ot출력 일시: 12-11-2021, 오전 12:23:11
ot출력 일시: 12-11-2021, 오전 12:46:50
libera님이 게임을 떠납니다.
kt9020님이 게임을 떠납니다.
ot출력 일시: 12-11-2021, 오전 12:59:05
ot출력 일시: 12-11-2021, 오전 1:30:07
libera님이 게임에 들어옵니다.
gog님이 게임에 들어옵니다.
libera님이 게임을 떠납니다.
ot출력 일시: 12-11-2021, 오전 1:38:36
ot출력 일시: 12-11-2021, 오전 1:41:56
ot출력 일시: 12-11-2021, 오전 1:43:41
ot출력 일시: 12-11-2021, 오전 1:45:05
ot출력 일시: 12-11-2021, 오전 1:46:10
ot출력 일시: 12-11-2021, 오전 1:46:35
ot출력 일시: 12-11-2021, 오전 1:52:28
ot출력 일시: 12-11-2021, 오전 1:54:17
ot출력 일시: 12-11-2021, 오전 1:55:52
ot출력 일시: 12-11-2021, 오전 2:01:16
ot출력 일시: 12-11-2021, 오전 2:03:26
ot출력 일시: 12-11-2021, 오전 2:05:30
ot출력 일시: 12-11-2021, 오전 2:10:14
ot출력 일시: 12-11-2021, 오전 2:17:39
ot출력 일시: 12-11-2021, 오전 2:18:29
ot출력 일시: 12-11-2021, 오전 2:38:31
ot출력 일시: 12-11-2021, 오전 9:48:58
ot출력 일시: 12-11-2021, 오전 9:49:35
ot출력 일시: 12-11-2021, 오전 9:57:05
ot출력 일시: 12-11-2021, 오전 10:02:30
libera님이 게임에 들어옵니다.
ot출력 일시: 12-11-2021, 오전 10:03:35
ot출력 일시: 12-11-2021, 오전 10:11:12
ot출력 일시: 12-11-2021, 오전 10:20:15
ot출력 일시: 12-11-2021, 오전 10:54:41
ot출력 일시: 12-11-2021, 오전 10:55:48
ot출력 일시: 12-11-2021, 오후 7:04:10
ot출력 일시: 12-11-2021, 오후 7:17:05
ot출력 일시: 12-11-2021, 오후 7:22:28
ot출력 일시: 12-11-2021, 오후 7:32:32
ot출력 일시: 12-11-2021, 오후 7:34:24
ot출력 일시: 12-11-2021, 오후 7:36:39
ot출력 일시: 12-11-2021, 오후 8:03:40
ot출력 일시: 12-11-2021, 오후 8:06:16
ot출력 일시: 12-11-2021, 오후 8:06:42
ot출력 일시: 12-11-2021, 오후 8:07:55
ot출력 일시: 12-11-2021, 오후 8:08:07
ot출력 일시: 12-11-2021, 오후 8:10:13
ot출력 일시: 12-11-2021, 오후 8:11:12
ot출력 일시: 12-11-2021, 오후 8:12:45
ot출력 일시: 12-11-2021, 오후 8:17:07
ot출력 일시: 12-11-2021, 오후 8:17:14
ot출력 일시: 12-11-2021, 오후 8:19:23
ot출력 일시: 12-11-2021, 오후 8:19:30
ot출력 일시: 12-11-2021, 오후 8:25:02
ot출력 일시: 12-11-2021, 오후 8:25:58
ot출력 일시: 12-11-2021, 오후 8:55:19
ot출력 일시: 12-11-2021, 오후 8:57:02
ot출력 일시: 12-11-2021, 오후 9:07:52
ot출력 일시: 12-11-2021, 오후 9:08:20
ot출력 일시: 12-11-2021, 오후 9:13:56
ot출력 일시: 12-11-2021, 오후 9:27:09
ot출력 일시: 12-11-2021, 오후 9:28:42
ot출력 일시: 12-11-2021, 오후 9:32:27
ot출력 일시: 12-11-2021, 오후 10:46:19
program님이 게임을 떠납니다.
gog님이 게임을 떠납니다.
jss님이 게임에 들어옵니다.
shield님이 게임을 떠납니다.
ot출력 일시: 12-11-2021, 오후 10:46:21
program님이 게임을 떠납니다.
gog님이 게임을 떠납니다.
jss님이 게임에 들어옵니다.
shield님이 게임을 떠납니다.
ot출력 일시: 12-11-2021, 오후 11:32:44
program님이 게임을 떠납니다.
gog님이 게임을 떠납니다.
jss님이 게임에 들어옵니다.
shield님이 게임을 떠납니다.
orange_pie님이 게임에 들어옵니다.
jss님이 게임을 떠납니다.
gog님이 게임에 들어옵니다.
goojoonpyo2382님이 게임을 떠납니다.
orange_pie님이 게임을 떠납니다.
kid님이 게임을 떠납니다.
ot출력 일시: 12-12-2021, 오후 3:50:25
ot출력 일시: 12-12-2021, 오후 3:57:19
ot출력 일시: 12-12-2021, 오후 4:16:35
ot출력 일시: 12-12-2021, 오후 4:17:58
ot출력 일시: 12-12-2021, 오후 4:28:12
ot출력 일시: 12-12-2021, 오후 4:31:17
ot출력 일시: 12-12-2021, 오후 4:48:20
ot출력 일시: 12-12-2021, 오후 4:50:36
ot출력 일시: 12-12-2021, 오후 4:52:25
ot출력 일시: 12-12-2021, 오후 5:04:07
ot출력 일시: 12-12-2021, 오후 5:06:42
ot출력 일시: 12-12-2021, 오후 5:24:02
ot출력 일시: 12-12-2021, 오후 5:25:10
ot출력 일시: 12-12-2021, 오후 5:26:29
ot출력 일시: 12-12-2021, 오후 6:00:27
goojoonpyo2382님이 게임을 떠납니다.
goojoonpyo2382님이 게임에 들어옵니다.
ot출력 일시: 12-12-2021, 오후 7:24:29
ot출력 일시: 12-12-2021, 오후 7:42:00
ot출력 일시: 12-12-2021, 오후 7:42:12
ot출력 일시: 12-12-2021, 오후 8:13:45
program님이 게임을 떠납니다.
program님이 게임에 들어옵니다.
ot출력 일시: 12-12-2021, 오후 8:41:14
dream님이 게임을 떠납니다.
gog님이 게임을 떠납니다.
goojoonpyo2382님이 게임을 떠납니다.
ot출력 일시: 12-12-2021, 오후 9:55:35
dream님이 게임을 떠납니다.
gog님이 게임을 떠납니다.
goojoonpyo2382님이 게임을 떠납니다.
goojoonpyo2382님이 게임에 들어옵니다.
gog님이 게임에 들어옵니다.
program님이 게임을 떠납니다.
program님이 게임에 들어옵니다.
kt9020님이 게임에 들어옵니다.
kt9020님이 게임을 떠납니다.
kt9020님이 게임에 들어옵니다.
kt9020님이 게임을 떠납니다.
kt9020님이 게임에 들어옵니다.
kt9020님이 게임을 떠납니다.
kid님이 게임을 떠납니다.
kt9020님이 게임에 들어옵니다.
kt9020님이 게임을 떠납니다.
kid님이 게임에 들어옵니다.
ot출력 일시: 12-12-2021, 오후 9:56:03
ot출력 일시: 12-12-2021, 오후 10:33:01
program님이 게임을 떠납니다.
program님이 게임에 들어옵니다.
kid님이 게임을 떠납니다.
dream님이 게임을 떠납니다.
ot출력 일시: 12-12-2021, 오후 10:45:05
program님이 게임을 떠납니다.
program님이 게임에 들어옵니다.
kid님이 게임을 떠납니다.
dream님이 게임을 떠납니다.
ot출력 일시: 12-12-2021, 오후 10:57:28
goojoonpyo2382님이 게임을 떠납니다.
program님이 게임을 떠납니다.
ot출력 일시: 12-12-2021, 오후 11:00:58
ot출력 일시: 12-12-2021, 오후 11:24:39
ot출력 일시: 12-13-2021, 오전 1:02:34
ot출력 일시: 12-13-2021, 오전 11:08:56
ot출력 일시: 12-13-2021, 오전 11:11:25
ot출력 일시: 12-13-2021, 오전 11:26:35
ot출력 일시: 12-13-2021, 오후 3:56:29
ot출력 일시: 12-13-2021, 오후 3:56:49
ot출력 일시: 12-13-2021, 오후 4:01:24
ot출력 일시: 12-13-2021, 오후 4:44:57
ot출력 일시: 12-13-2021, 오후 4:47:13
ot출력 일시: 12-13-2021, 오후 6:41:40
kid님이 게임에 들어옵니다.
ot출력 일시: 12-13-2021, 오후 6:58:10
kid님이 게임을 떠납니다.
goojoonpyo2382님이 게임을 떠납니다.
goojoonpyo2382님이 게임에 들어옵니다.
ot출력 일시: 12-13-2021, 오후 7:13:48
ot출력 일시: 12-13-2021, 오후 7:55:36
jss님이 게임에 들어옵니다.
jss님이 게임을 떠납니다.
gog님이 게임에 들어옵니다.
program님이 게임을 떠납니다.
program님이 게임에 들어옵니다.
goojoonpyo2382님이 게임을 떠납니다.
goojoonpyo2382님이 게임에 들어옵니다.
ot출력 일시: 12-13-2021, 오후 7:58:13
kid님이 게임에 들어옵니다.
ot출력 일시: 12-13-2021, 오후 7:58:59
kid님이 게임에 들어옵니다.
ot출력 일시: 12-13-2021, 오후 8:19:22
program님이 게임을 떠납니다.
dream님이 게임에 들어옵니다.
dream님이 게임을 떠납니다.
ot출력 일시: 12-13-2021, 오후 8:25:19
program님이 게임을 떠납니다.
dream님이 게임에 들어옵니다.
dream님이 게임을 떠납니다.
kid님이 게임을 떠납니다.
ot출력 일시: 12-13-2021, 오후 8:48:25
cuchulainn님이 게임에 들어옵니다.
gog님이 게임을 떠납니다.
gog님이 게임에 들어옵니다.
kid님이 게임에 들어옵니다.
ot출력 일시: 12-13-2021, 오후 9:11:30
ot출력 일시: 12-13-2021, 오후 9:23:50
ot출력 일시: 12-13-2021, 오후 9:28:05
ot출력 일시: 12-13-2021, 오후 10:26:28
cuchulainn님이 게임을 떠납니다.
cuchulainn님이 게임에 들어옵니다.
dream님이 게임에 들어옵니다.
dream님이 게임을 떠납니다.
ot출력 일시: 12-13-2021, 오후 10:27:15
cuchulainn님이 게임을 떠납니다.
cuchulainn님이 게임에 들어옵니다.
dream님이 게임에 들어옵니다.
dream님이 게임을 떠납니다.
ot출력 일시: 12-13-2021, 오후 10:38:19
cuchulainn님이 게임을 떠납니다.
cuchulainn님이 게임에 들어옵니다.
dream님이 게임에 들어옵니다.
dream님이 게임을 떠납니다.
ot출력 일시: 12-13-2021, 오후 10:38:30
cuchulainn님이 게임을 떠납니다.
cuchulainn님이 게임에 들어옵니다.
dream님이 게임에 들어옵니다.
dream님이 게임을 떠납니다.
ot출력 일시: 12-13-2021, 오후 10:40:01
cuchulainn님이 게임을 떠납니다.
cuchulainn님이 게임에 들어옵니다.
dream님이 게임에 들어옵니다.
dream님이 게임을 떠납니다.
ot출력 일시: 12-14-2021, 오전 12:59:24
kt9020님이 게임에 들어옵니다.
ot출력 일시: 12-14-2021, 오전 1:09:24
ot출력 일시: 12-14-2021, 오전 1:44:02
ot출력 일시: 12-14-2021, 오전 1:44:17
ot출력 일시: 12-14-2021, 오전 1:53:06
ot출력 일시: 12-14-2021, 오전 3:14:04
cuchulainn님이 게임을 떠납니다.
ot출력 일시: 12-14-2021, 오전 3:37:55
cuchulainn님이 게임을 떠납니다.
gog님이 게임을 떠납니다.
ot출력 일시: 12-14-2021, 오전 10:28:07
ot출력 일시: 12-14-2021, 오전 11:34:45
ot출력 일시: 12-14-2021, 오전 11:35:20
ot출력 일시: 12-14-2021, 오전 11:57:13
ot출력 일시: 12-14-2021, 오후 12:35:26
ot출력 일시: 12-14-2021, 오후 12:46:44
ot출력 일시: 12-14-2021, 오후 12:49:59
ot출력 일시: 12-14-2021, 오후 12:53:05
ot출력 일시: 12-14-2021, 오후 12:55:00
ot출력 일시: 12-14-2021, 오후 12:57:57
ot출력 일시: 12-14-2021, 오후 12:58:02
ot출력 일시: 12-14-2021, 오후 12:58:12
ot출력 일시: 12-14-2021, 오후 1:44:16
ot출력 일시: 12-14-2021, 오후 1:56:50
ot출력 일시: 12-14-2021, 오후 1:58:16
ot출력 일시: 12-14-2021, 오후 2:01:11
ot출력 일시: 12-14-2021, 오후 2:01:38
ot출력 일시: 12-14-2021, 오후 2:10:23
ot출력 일시: 12-14-2021, 오후 4:30:38
dream님이 게임에 들어옵니다.
dream님이 게임을 떠납니다.
ot출력 일시: 12-14-2021, 오후 4:54:53
dream님이 게임에 들어옵니다.
dream님이 게임을 떠납니다.
ot출력 일시: 12-14-2021, 오후 6:32:06
program님이 게임을 떠납니다.
program님이 게임에 들어옵니다.
kt9020님이 게임을 떠납니다.
kt9020님이 게임에 들어옵니다.
kt9020님이 게임을 떠납니다.
kt9020님이 게임에 들어옵니다.
kt9020님이 게임을 떠납니다.
kt9020님이 게임에 들어옵니다.
kt9020님이 게임을 떠납니다.
kt9020님이 게임에 들어옵니다.
kt9020님이 게임을 떠납니다.
kt9020님이 게임에 들어옵니다.
kt9020님이 게임을 떠납니다.
kt9020님이 게임에 들어옵니다.
kt9020님이 게임을 떠납니다.
kt9020님이 게임에 들어옵니다.
kt9020님이 게임을 떠납니다.
kt9020님이 게임에 들어옵니다.
ot출력 일시: 12-14-2021, 오후 6:49:05
ot출력 일시: 12-14-2021, 오후 7:50:30
ot출력 일시: 12-14-2021, 오후 8:02:48
kid님이 게임에 들어옵니다.
goojoonpyo2382님이 게임에 들어옵니다.
ot출력 일시: 12-14-2021, 오후 8:49:40
kid님이 게임에 들어옵니다.
goojoonpyo2382님이 게임에 들어옵니다.
program님이 게임에 들어옵니다.
kt9020님이 게임에 들어옵니다.
kt9020님이 게임을 떠납니다.
kt9020님이 게임에 들어옵니다.
program님이 게임을 떠납니다.
dream님이 게임에 들어옵니다.
ot출력 일시: 12-14-2021, 오후 9:01:49
kid님이 게임에 들어옵니다.
goojoonpyo2382님이 게임에 들어옵니다.
program님이 게임에 들어옵니다.
kt9020님이 게임에 들어옵니다.
kt9020님이 게임을 떠납니다.
kt9020님이 게임에 들어옵니다.
program님이 게임을 떠납니다.
dream님이 게임에 들어옵니다.
goojoonpyo2382님이 게임을 떠납니다.
goojoonpyo2382님이 게임에 들어옵니다.
goojoonpyo2382님이 게임을 떠납니다.
goojoonpyo2382님이 게임에 들어옵니다.
ot출력 일시: 12-14-2021, 오후 9:05:41
ot출력 일시: 12-14-2021, 오후 9:23:25
ot출력 일시: 12-14-2021, 오후 9:32:32
ot출력 일시: 12-14-2021, 오후 10:34:31
ot출력 일시: 12-14-2021, 오후 10:47:31
ot출력 일시: 12-14-2021, 오후 10:48:06
ot출력 일시: 12-14-2021, 오후 11:04:18
ot출력 일시: 12-14-2021, 오후 11:17:36
ot출력 일시: 12-14-2021, 오후 11:20:24
ot출력 일시: 12-14-2021, 오후 11:22:08
ot출력 일시: 12-14-2021, 오후 11:23:47
ot출력 일시: 12-14-2021, 오후 11:27:19
ot출력 일시: 12-14-2021, 오후 11:57:28
ot출력 일시: 12-15-2021, 오전 12:00:50
ot출력 일시: 12-15-2021, 오전 1:29:44
cuchulainn님이 게임에 들어옵니다.
cuchulainn님이 게임을 떠납니다.
ot출력 일시: 12-15-2021, 오전 1:41:13
ot출력 일시: 12-15-2021, 오전 1:42:46
ot출력 일시: 12-15-2021, 오전 1:44:41
ot출력 일시: 12-15-2021, 오전 10:37:54
ot출력 일시: 12-15-2021, 오전 10:44:53
ot출력 일시: 12-15-2021, 오전 11:12:14
ot출력 일시: 12-15-2021, 오전 11:12:56
ot출력 일시: 12-15-2021, 오전 11:13:56
ot출력 일시: 12-15-2021, 오전 11:14:43
ot출력 일시: 12-15-2021, 오전 11:15:16
ot출력 일시: 12-15-2021, 오전 11:16:34
ot출력 일시: 12-15-2021, 오전 11:17:08
ot출력 일시: 12-15-2021, 오전 11:20:35
ot출력 일시: 12-15-2021, 오전 11:21:09
ot출력 일시: 12-15-2021, 오전 11:21:35
ot출력 일시: 12-15-2021, 오전 11:22:46
ot출력 일시: 12-15-2021, 오전 11:24:58
ot출력 일시: 12-15-2021, 오전 11:33:53
ot출력 일시: 12-15-2021, 오후 1:40:21
ot출력 일시: 12-15-2021, 오후 2:32:57
ot출력 일시: 12-15-2021, 오후 3:18:19
ot출력 일시: 12-15-2021, 오후 5:20:19
ot출력 일시: 12-15-2021, 오후 6:07:09
ot출력 일시: 12-15-2021, 오후 8:50:10
kid님이 게임에 들어옵니다.
kid님이 게임을 떠납니다.
kid님이 게임에 들어옵니다.
yamamoto님이 게임에 들어옵니다.
ot출력 일시: 12-15-2021, 오후 8:55:26
ot출력 일시: 12-15-2021, 오후 9:27:07
libera님이 게임을 떠납니다.
libera님이 게임에 들어옵니다.
libera님이 게임을 떠납니다.
ot출력 일시: 12-15-2021, 오후 9:30:18
libera님이 게임을 떠납니다.
libera님이 게임에 들어옵니다.
libera님이 게임을 떠납니다.
libera님이 게임에 들어옵니다.
ot출력 일시: 12-15-2021, 오후 9:33:42
libera님이 게임을 떠납니다.
libera님이 게임에 들어옵니다.
libera님이 게임을 떠납니다.
libera님이 게임에 들어옵니다.
goojoonpyo2382님이 게임에 들어옵니다.
ot출력 일시: 12-15-2021, 오후 10:43:21
libera님이 게임을 떠납니다.
libera님이 게임에 들어옵니다.
libera님이 게임을 떠납니다.
libera님이 게임에 들어옵니다.
goojoonpyo2382님이 게임에 들어옵니다.
libera님이 게임을 떠납니다.
gog님이 게임에 들어옵니다.
kid님이 게임을 떠납니다.
libera님이 게임에 들어옵니다.
libera님이 게임을 떠납니다.
yamamoto님이 게임을 떠납니다.
yamamoto님이 게임에 들어옵니다.
goojoonpyo2382님이 게임을 떠납니다.
yamamoto님이 게임을 떠납니다.
ot출력 일시: 12-15-2021, 오후 11:10:46
ot출력 일시: 12-16-2021, 오후 6:24:29
ot출력 일시: 12-16-2021, 오후 7:15:31
libera님이 게임에 들어옵니다.
kid님이 게임에 들어옵니다.
ot출력 일시: 12-16-2021, 오후 7:31:18
ot출력 일시: 12-16-2021, 오후 8:29:39
ot출력 일시: 12-16-2021, 오후 8:44:03
ot출력 일시: 12-16-2021, 오후 9:59:01
goojoonpyo2382님이 게임에 들어옵니다.
kid님이 게임에 들어옵니다.
libera님이 게임에 들어옵니다.
goojoonpyo2382님이 게임을 떠납니다.
gog님이 게임에 들어옵니다.
dream님이 게임에 들어옵니다.
ot출력 일시: 12-16-2021, 오후 11:45:08
ot출력 일시: 12-16-2021, 오후 11:52:12
ot출력 일시: 12-17-2021, 오후 1:03:32
ot출력 일시: 12-17-2021, 오후 4:11:42
ot출력 일시: 12-17-2021, 오후 8:26:34
ot출력 일시: 12-18-2021, 오전 11:47:39
ot출력 일시: 12-18-2021, 오전 11:50:40
ot출력 일시: 12-18-2021, 오전 11:53:43
ot출력 일시: 12-18-2021, 오전 11:55:00
ot출력 일시: 12-18-2021, 오전 11:58:48
ot출력 일시: 12-18-2021, 오후 12:00:01
ot출력 일시: 12-18-2021, 오후 12:00:07
ot출력 일시: 12-18-2021, 오후 12:01:04
ot출력 일시: 12-18-2021, 오후 12:09:12
ot출력 일시: 12-18-2021, 오후 12:18:58
ot출력 일시: 12-18-2021, 오후 12:23:41
ot출력 일시: 12-18-2021, 오후 12:44:53
ot출력 일시: 12-18-2021, 오후 12:45:04
ot출력 일시: 12-18-2021, 오후 12:51:22
ot출력 일시: 12-18-2021, 오후 1:04:03
ot출력 일시: 12-18-2021, 오후 1:12:05
ot출력 일시: 12-18-2021, 오후 1:45:11
ot출력 일시: 12-18-2021, 오후 1:52:34
ot출력 일시: 12-18-2021, 오후 2:01:09
ot출력 일시: 12-18-2021, 오후 2:41:54
ot출력 일시: 12-18-2021, 오후 3:27:41
ot출력 일시: 12-18-2021, 오후 3:29:33
ot출력 일시: 12-18-2021, 오후 3:32:37
ot출력 일시: 12-18-2021, 오후 3:32:46
ot출력 일시: 12-18-2021, 오후 3:34:52
ot출력 일시: 12-18-2021, 오후 3:41:08
ot출력 일시: 12-18-2021, 오후 3:46:57
ot출력 일시: 12-18-2021, 오후 3:54:03
ot출력 일시: 12-18-2021, 오후 4:30:26
gog님이 게임에 들어옵니다.
h님이 게임을 떠납니다.
ot출력 일시: 12-18-2021, 오후 4:35:45
ot출력 일시: 12-18-2021, 오후 4:48:16
ot출력 일시: 12-18-2021, 오후 4:58:41
ot출력 일시: 12-18-2021, 오후 5:01:01
ot출력 일시: 12-18-2021, 오후 5:03:32
ot출력 일시: 12-18-2021, 오후 5:19:07
ot출력 일시: 12-18-2021, 오후 5:30:52
ot출력 일시: 12-18-2021, 오후 6:04:42
ot출력 일시: 12-18-2021, 오후 6:18:26
ot출력 일시: 12-18-2021, 오후 6:27:04
ot출력 일시: 12-18-2021, 오후 6:28:57
ot출력 일시: 12-18-2021, 오후 6:55:49
ot출력 일시: 12-18-2021, 오후 8:18:09
gog님이 게임을 떠납니다.
gog님이 게임에 들어옵니다.
gog님이 게임을 떠납니다.
ot출력 일시: 12-18-2021, 오후 8:43:10